0.0860933 0.450954
0.0858933 0.452259
0.0859933 0.45413
0.0861933 0.456439
0.0838933 0.422878
0.0824933 0.407944
0.0820933 0.40374
0.0819933 0.402694
0.0844933 0.423753
0.0903876 0.524468
0.0932876 0.570697
0.0943876 0.585742
0.0926876 0.567545
0.0894876 0.509245
0.0916876 0.546059
0.0925876 0.558616
0.0928876 0.562467
0.0898876 0.508912
0.0919876 0.543973
0.0928876 0.556344
0.0931876 0.560145
0.0885876 0.494056
0.0866876 0.487863
0.0860876 0.484643
0.0860876 0.485676
0.0860876 0.485927
0.0872876 0.489367
0.0865876 0.48445
0.0864876 0.484154
0.0864876 0.484369
0.0857876 0.471588
0.0863876 0.473165
0.0827876 0.426409
0.0790876 0.380068
0.0774876 0.361169
0.0768876 0.354301
0.0832876 0.428365
0.0793876 0.379427
0.0749876 0.331104
0.0771876 0.353633
0.0941992 0.531365
0.0876933 0.448542
0.0837933 0.40042
0.0820933 0.38062
0.0814933 0.373816
0.0820992 0.400078
0.0837876 0.421307
0.0881933 0.441203
0.0830933 0.367882
0.0805933 0.343257
0.0796933 0.334666
0.0875933 0.425989
0.0878933 0.423475
0.0930992 0.48173
0.0936992 0.496232
0.0940992 0.502558
0.0941992 0.504095
0.0923992 0.468143
0.0921992 0.471478
0.0923992 0.475072
0.0923992 0.4754
0.0913992 0.451311
0.0906992 0.446848
0.0905992 0.446618
0.0905992 0.446829
0.0908992 0.440021
0.0892992 0.423436
0.0887992 0.418346
0.0885992 0.416298
0.0854992 0.392707
0.0825992 0.372811
0.0818992 0.368926
0.0817992 0.36877
0.0882764 0.456429
0.0846764 0.411126
0.082671 0.385302
0.077271 0.326888
0.081071 0.355077
0.083071 0.381089
0.082471 0.367252
0.083371 0.371191
0.095671 0.538742
0.097471 0.571201
0.098271 0.582743
0.098571 0.58663
0.092671 0.51521
0.097071 0.579649
0.098171 0.595212
0.093771 0.521989
0.095171 0.550605
0.096071 0.563571
0.096371 0.56755
0.092771 0.505055
0.0726819 0.334059
0.0714819 0.318535
0.0769876 0.359879
0.0773876 0.36126
0.0765876 0.349873
0.0750876 0.330976
0.0892876 0.487558
0.0880876 0.485126
0.0898876 0.507493
0.0900876 0.510362
0.0897876 0.497184
0.0901876 0.504113
0.0903876 0.506913
0.0886876 0.488133
0.0892876 0.507748
0.0899876 0.518888
0.0902876 0.52304
0.0889876 0.487199
0.0895876 0.506195
0.0902876 0.517131
0.0905876 0.521222
0.0855876 0.441425
0.0876876 0.472318
0.0877876 0.475667
0.0878876 0.477326
0.0881876 0.473583
0.0881876 0.474118
0.0878876 0.473338
0.0876876 0.48163
0.0879876 0.487789
0.0882876 0.491795
0.0883876 0.474668
0.0879876 0.480203
0.0882876 0.486183
0.0884876 0.489042
0.0860876 0.446687
0.0857876 0.445186
0.0828876 0.416194
0.0871876 0.459755
0.0860876 0.45571
0.0859876 0.456952
0.0855876 0.453386
0.0862876 0.453331
0.0861876 0.454427
0.0862876 0.456064
0.0843876 0.423584
0.0843876 0.428974
0.0838876 0.425386
0.0837876 0.424818
0.0887876 0.521761
0.0894876 0.54283
0.0899876 0.55204
0.0905876 0.559816
0.0905876 0.498015
0.0902876 0.496639
0.0908876 0.503561
0.0802876 0.391059
0.0755876 0.360603
0.0742876 0.354341
0.0741876 0.355294
0.0758876 0.359861
0.0744876 0.352548
0.0743876 0.353417
0.0836876 0.397886
0.0874876 0.515687
0.0867876 0.513447
0.0858876 0.507901
0.0858876 0.509676
0.0859876 0.511431
0.0872876 0.515856
0.0862876 0.508507
0.0861876 0.508846
0.0862876 0.510552
0.0832876 0.462871
0.0839876 0.474981
0.0834876 0.469787
0.0833876 0.46885
0.0863876 0.498279
0.0843876 0.475669
0.0837876 0.469087
0.0835876 0.466875
0.0827876 0.450838
0.0820876 0.442549
0.0809876 0.429387
0.0806876 0.425848
0.0855876 0.482132
0.0824876 0.443302
0.0812876 0.428801
0.0808876 0.424036
0.0937819 0.561753
0.0997819 0.648527
0.100682 0.662352
0.100882 0.665409
0.0968819 0.584725
0.0981819 0.610017
0.0990819 0.62293
0.0992819 0.625776
0.0971876 0.581276
0.0988876 0.610616
0.0994876 0.619714
0.0995876 0.621295
0.0962819 0.586647
0.0983819 0.623861
0.0990819 0.634875
0.0993819 0.63908
0.0966819 0.586187
0.0986819 0.621536
0.0991819 0.62996
0.0995819 0.635304
0.0959819 0.568293
0.0968819 0.586828
0.0943819 0.559218
0.0974819 0.596109
0.0972876 0.584028
0.0974876 0.588017
0.0978876 0.593083
0.0953819 0.57004
0.0967819 0.596725
0.0973819 0.606155
0.0975819 0.609046
0.0958819 0.570889
0.0961819 0.583709
0.0976819 0.603839
0.0978819 0.606689
0.0945819 0.554709
0.0951819 0.569653
0.0956819 0.577459
0.0948819 0.568294
0.0949819 0.554451
0.0955819 0.568852
0.0958819 0.574105
0.0960819 0.576868
0.0937819 0.539421
0.0935819 0.542666
0.0937819 0.546417
0.0906819 0.510935
0.0939819 0.541995
0.0940819 0.544436
0.0941819 0.545905
0.0917819 0.513444
0.0918819 0.515508
0.0918819 0.515723
0.0878764 0.418455
0.0886764 0.436228
0.0880764 0.414731
0.0830764 0.373215
0.0874764 0.402813
0.0856764 0.389186
0.0868764 0.390954
0.0842764 0.366936
0.0864819 0.473763
0.0850819 0.468982
0.0855819 0.471
0.0849819 0.455507
0.0855819 0.457339
0.0807876 0.383186
0.0753876 0.330885
0.0760876 0.338882
0.0755876 0.334409
0.0802876 0.372075
0.0750876 0.318972
0.0744876 0.31317
0.0736876 0.305646
0.0798657 0.349275
0.0816657 0.435297
0.0806657 0.42888
0.0783657 0.409986
0.0814657 0.434986
0.0786657 0.409755
0.0803657 0.419554
0.0766657 0.382035
0.0807657 0.420977
0.0769657 0.381866
0.0797657 0.406836
0.0750657 0.35571
0.0801657 0.40826
0.0753657 0.355588
0.0919657 0.53211
0.0944657 0.576671
0.0918657 0.517581
0.0929657 0.541707
0.0924657 0.518286
0.0934657 0.540516
0.0911657 0.517288
0.0928657 0.550565
0.0916657 0.51848
0.0931657 0.548827
0.0896657 0.487402
0.0913657 0.515967
0.0917657 0.513851
0.0903657 0.502525
0.0912657 0.524541
0.0908657 0.503764
0.0915657 0.522942
0.0896657 0.488957
0.0895657 0.497523
0.0900657 0.489112
0.0898657 0.496061
0.0889657 0.475443
0.0878657 0.470683
0.0881657 0.46935
0.0862657 0.445121
0.0808657 0.403175
0.0795657 0.398577
0.0800657 0.400792
0.0771657 0.363015
0.0802657 0.391078
0.0862657 0.430619
0.0867657 0.430938
0.0856605 0.430335
0.0844657 0.413436
0.0805657 0.351819
0.0776657 0.322297
0.0762657 0.308812
0.0856657 0.418306
0.0861657 0.418611
0.0858605 0.45438
0.0738764 0.361701
0.0812764 0.426631
0.0817764 0.428341
0.0806764 0.413436
0.0801764 0.403056
0.0796764 0.400724
0.0799764 0.401111
0.0772605 0.37136
0.0776605 0.372096
0.0747605 0.338378
0.0772605 0.362012
0.0764605 0.35129
0.0759605 0.350042
0.0762605 0.3506
0.0832553 0.457089
