0.0832553 0.0318113 0.0318113 0
0.0842553 0.032094 0.032094 0
0.0852553 0.032374 0.032374 0
0.0862553 0.0326514 0.0326514 0
0.0872553 0.0329263 0.0329263 0
0.0882553 0.0331986 0.0331986 0
0.0892553 0.0334683 0.0334683 0
0.0902553 0.0337356 0.0337356 0
0.0912553 0.0340003 0.0340003 0
0.0922553 0.0342626 0.0342626 0
0.0932553 0.0345224 0.0345224 0
0.0942553 0.0347797 0.0347797 0
0.0952553 0.0350347 0.0350347 0
0.0962553 0.0352872 0.0352872 0
0.0972553 0.0355373 0.0355373 0
0.0982553 0.035785 0.035785 0
0.0992553 0.0360303 0.0360303 0
0.100255 0.0362733 0.0362733 0
0.101255 0.0365139 0.0365139 0
0.102255 0.0367522 0.0367522 0
0.103255 0.0369882 0.0369882 0
0.104255 0.0372219 0.0372219 0
0.105255 0.0374533 0.0374533 0
0.106255 0.0376823 0.0376823 0
0.107255 0.0379091 0.0379091 0
0.108255 0.0381337 0.0381337 0
0.109255 0.038356 0.038356 0
0.110255 0.038576 0.038576 0
0.111255 0.0387938 0.0387938 0
0.112255 0.0390094 0.0390094 0
0.113255 0.0392227 0.0392227 0
0.114255 0.0394338 0.0394338 0
0.115255 0.0396428 0.0396428 0
0.116255 0.0398495 0.0398495 0
0.117255 0.040054 0.040054 0
0.118255 0.0402564 0.0402564 0
0.119255 0.0404565 0.0404565 0
0.120255 0.0406545 0.0406545 0
0.121255 0.0408503 0.0408503 0
0.122255 0.041044 0.041044 0
0.123255 0.0412355 0.0412355 0
0.124255 0.0414248 0.0414248 0
0.125255 0.0416186 0.0416101 8.5843e-06
0.130255 0.0427927 0.0424311 0.000361624
0.135255 0.0440549 0.0431521 0.000902807
0.140255 0.0453272 0.0437966 0.00153059
0.145255 0.0465784 0.0443749 0.00220359
0.150255 0.0477909 0.044893 0.0028979
0.155255 0.0489536 0.0453556 0.00359797
0.160255 0.0500591 0.0457661 0.0042931
0.165255 0.0511025 0.0461269 0.00497559
0.170255 0.0520802 0.0464404 0.00563982
0.175255 0.0529901 0.0467084 0.00628162
0.180255 0.0538304 0.0469326 0.00689787
0.185255 0.0546005 0.0471143 0.00748625
0.190255 0.0552998 0.0472548 0.00804504
0.195255 0.0559283 0.0473553 0.008573
0.200255 0.0564862 0.0474169 0.00906926
0.205255 0.0569739 0.0474407 0.00953323
0.210255 0.0573922 0.0474276 0.00996459
0.215255 0.0577418 0.0473786 0.0103632
0.220255 0.0580237 0.0472946 0.0107291
0.225255 0.058239 0.0471766 0.0110624
0.230255 0.0583887 0.0470254 0.0113633
0.235255 0.0584742 0.0468418 0.0116323
0.240255 0.0584967 0.0466268 0.0118699
0.245255 0.0584576 0.0463812 0.0120764
0.250255 0.0583582 0.0461058 0.0122524
0.255255 0.0582002 0.0458016 0.0123986
0.260255 0.0579848 0.0454692 0.0125156
0.265255 0.0577138 0.0451096 0.0126041
0.270255 0.0573884 0.0447236 0.0126649
0.275255 0.0570105 0.044312 0.0126985
0.280255 0.0565814 0.0438756 0.0127059
0.285255 0.0561029 0.0434152 0.0126877
0.290255 0.0555765 0.0429317 0.0126448
0.295255 0.0550038 0.0424258 0.012578
0.300255 0.0543864 0.0418984 0.012488
0.305255 0.053726 0.0413502 0.0123758
0.310255 0.0530242 0.0407821 0.0122421
0.315255 0.0522827 0.0401948 0.0120878
0.320255 0.051503 0.0395892 0.0119138
0.325255 0.0506867 0.0389659 0.0117208
0.330255 0.0498356 0.0383259 0.0115098
0.335255 0.0489513 0.0376698 0.0112816
