1e-10 53.5825 0.121372 23.5396 0.18472 0 5038.62
1.02e-10 53.5835 0.121379 23.5398 0.18472 0 5005.5
1.0404e-10 53.5845 0.121386 23.5401 0.184719 0 4972.6
1.06121e-10 53.5855 0.121392 23.5403 0.184719 0 4939.91
1.08243e-10 53.5865 0.121399 23.5406 0.184719 0 4907.45
1.10408e-10 53.5876 0.121406 23.5408 0.184718 0 4875.19
1.12616e-10 53.5886 0.121414 23.5411 0.184718 0 4843.15
1.14869e-10 53.5897 0.121421 23.5414 0.184718 0 4811.31
1.17166e-10 53.5907 0.121428 23.5416 0.184717 0 4779.69
1.19509e-10 53.5918 0.121436 23.5419 0.184717 0 4748.28
1.21899e-10 53.5929 0.121443 23.5422 0.184717 0 4717.07
1.24337e-10 53.5939 0.121451 23.5425 0.184716 0 4686.07
1.26824e-10 53.595 0.121458 23.5427 0.184716 0 4655.27
1.29361e-10 53.5961 0.121466 23.543 0.184715 0 4624.67
1.31948e-10 53.5973 0.121474 23.5433 0.184715 0 4594.28
1.34587e-10 53.5984 0.121482 23.5436 0.184715 0 4564.08
1.37279e-10 53.5995 0.12149 23.5439 0.184714 0 4534.09
1.40024e-10 53.6007 0.121498 23.5442 0.184714 0 4504.29
1.42825e-10 53.6019 0.121506 23.5444 0.184713 0 4474.69
1.45681e-10 53.603 0.121515 23.5447 0.184713 0 4445.28
1.48595e-10 53.6042 0.121523 23.545 0.184713 0 4416.07
1.51567e-10 53.6054 0.121532 23.5453 0.184712 0 4387.05
1.54598e-10 53.6066 0.12154 23.5456 0.184712 0 4358.22
1.5769e-10 53.6079 0.121549 23.5459 0.184711 0 4329.58
1.60844e-10 53.6091 0.121558 23.5462 0.184711 0 4301.12
1.64061e-10 53.6103 0.121567 23.5465 0.18471 0 4272.86
1.67342e-10 53.6116 0.121576 23.5469 0.18471 0 4244.78
1.70689e-10 53.6129 0.121585 23.5472 0.184709 0 4216.89
1.74102e-10 53.6142 0.121595 23.5475 0.184709 0 4189.18
1.77584e-10 53.6155 0.121604 23.5478 0.184709 0 4161.65
1.81136e-10 53.6168 0.121614 23.5481 0.184708 0 4134.3
1.84759e-10 53.6181 0.121623 23.5484 0.184708 0 4107.14
1.88454e-10 53.6194 0.121633 23.5488 0.184707 0 4080.15
1.92223e-10 53.6208 0.121643 23.5491 0.184707 0 4053.34
1.96068e-10 53.6221 0.121653 23.5494 0.184706 0 4026.71
1.99989e-10 53.6235 0.121663 23.5497 0.184706 0 4000.25
2.03989e-10 53.6249 0.121673 23.5501 0.184705 0 3973.96
2.08069e-10 53.6263 0.121684 23.5504 0.184705 0 3947.85
2.1223e-10 53.6277 0.121694 23.5508 0.184704 0 3921.91
2.16474e-10 53.6291 0.121705 23.5511 0.184704 0 3896.15
2.20804e-10 53.6306 0.121716 23.5515 0.184703 0 3870.55
2.2522e-10 53.632 0.121726 23.5518 0.184703 0 3845.12
2.29724e-10 53.6335 0.121737 23.5521 0.184702 0 3819.85
2.34319e-10 53.635 0.121749 23.5525 0.184702 0 3794.76
2.39005e-10 53.6365 0.12176 23.5529 0.184701 0 3769.83
2.43785e-10 53.638 0.121771 23.5532 0.1847 0 3745.06
2.48661e-10 53.6395 0.121783 23.5536 0.1847 0 3720.46
2.53634e-10 53.6411 0.121794 23.5539 0.184699 0 3696.01
2.58707e-10 53.6426 0.121806 23.5543 0.184699 0 3671.73
2.63881e-10 53.6442 0.121818 23.5547 0.184698 0 3647.61
2.69159e-10 53.6458 0.12183 23.5551 0.184698 0 3623.65
2.74542e-10 53.6474 0.121842 23.5554 0.184697 0 3599.84
2.80033e-10 53.649 0.121855 23.5558 0.184696 0 3576.2
2.85633e-10 53.6507 0.121867 23.5562 0.184696 0 3552.7
2.91346e-10 53.6523 0.12188 23.5566 0.184695 0 3529.37
2.97173e-10 53.654 0.121893 23.557 0.184695 0 3506.18
3.03117e-10 53.6557 0.121906 23.5574 0.184694 0 3483.15
3.09179e-10 53.6574 0.121919 23.5578 0.184693 0 3460.27
3.15362e-10 53.6591 0.121932 23.5582 0.184693 0 3437.54
3.2167e-10 53.6608 0.121945 23.5586 0.184692 0 3414.96
3.28103e-10 53.6626 0.121959 23.559 0.184691 0 3392.53
3.34665e-10 53.6643 0.121973 23.5594 0.184691 0 3370.25
3.41358e-10 53.6661 0.121987 23.5598 0.18469 0 3348.11
3.48186e-10 53.6679 0.122001 23.5602 0.184689 0 3326.12
3.55149e-10 53.6697 0.122015 23.5606 0.184689 0 3304.28
3.62252e-10 53.6716 0.122029 23.561 0.184688 0 3282.58
3.69497e-10 53.6734 0.122044 23.5615 0.184687 0 3261.02
3.76887e-10 53.6753 0.122058 23.5619 0.184687 0 3239.6
3.84425e-10 53.6772 0.122073 23.5623 0.184686 0 3218.32
3.92114e-10 53.6791 0.122088 23.5628 0.184685 0 3197.19
3.99956e-10 53.681 0.122103 23.5632 0.184685 0 3176.19
4.07955e-10 53.683 0.122119 23.5636 0.184684 0 3155.33
4.16114e-10 53.6849 0.122134 23.5641 0.184683 0 3134.61
4.24436e-10 53.6869 0.12215 23.5645 0.184682 0 3114.03
4.32925e-10 53.6889 0.122166 23.565 0.184682 0 3093.58
4.41584e-10 53.6909 0.122182 23.5654 0.184681 0 3073.26
4.50415e-10 53.693 0.122198 23.5659 0.18468 0 3053.08
4.59424e-10 53.695 0.122214 23.5664 0.184679 0 3033.04
4.68612e-10 53.6971 0.122231 23.5668 0.184678 0 3013.12
4.77984e-10 53.6992 0.122248 23.5673 0.184678 0 2993.33
4.87544e-10 53.7013 0.122264 23.5678 0.184677 0 2973.68
4.97295e-10 53.7035 0.122282 23.5683 0.184676 0 2954.15
5.07241e-10 53.7056 0.122299 23.5687 0.184675 0 2934.76
5.17386e-10 53.7078 0.122316 23.5692 0.184674 0 2915.49
5.27733e-10 53.71 0.122334 23.5697 0.184674 0 2896.35
5.38288e-10 53.7122 0.122352 23.5702 0.184673 0 2877.33
5.49054e-10 53.7145 0.12237 23.5707 0.184672 0 2858.44
5.60035e-10 53.7167 0.122388 23.5712 0.184671 0 2839.68
5.71235e-10 53.719 0.122407 23.5717 0.18467 0 2821.03
5.8266e-10 53.7213 0.122426 23.5722 0.184669 0 2802.51
5.94313e-10 53.7236 0.122445 23.5727 0.184668 0 2784.11
6.062e-10 53.726 0.122464 23.5733 0.184667 0 2765.84
6.18324e-10 53.7284 0.122483 23.5738 0.184667 0 2747.68
6.3069e-10 53.7307 0.122502 23.5743 0.184666 0 2729.64
6.43304e-10 53.7332 0.122522 23.5748 0.184665 0 2711.73
6.5617e-10 53.7356 0.122542 23.5754 0.184664 0 2693.93
6.69293e-10 53.7381 0.122562 23.5759 0.184663 0 2676.24
6.82679e-10 53.7405 0.122583 23.5764 0.184662 0 2658.68
6.96333e-10 53.7431 0.122603 23.577 0.184661 0 2641.23
7.10259e-10 53.7456 0.122624 23.5775 0.18466 0 2623.89
7.24465e-10 53.7481 0.122645 23.5781 0.184659 0 2606.67
7.38954e-10 53.7507 0.122666 23.5787 0.184658 0 2589.56
7.53733e-10 53.7533 0.122688 23.5792 0.184657 0 2572.57
7.68808e-10 53.7559 0.12271 23.5798 0.184656 0 2555.68
7.84184e-10 53.7586 0.122731 23.5804 0.184655 0 2538.91
7.99867e-10 53.7613 0.122754 23.5809 0.184654 0 2522.25
8.15865e-10 53.764 0.122776 23.5815 0.184653 0 2505.69
8.32182e-10 53.7667 0.122799 23.5821 0.184652 0 2489.25
8.48826e-10 53.7694 0.122822 23.5827 0.184651 0 2472.92
8.65802e-10 53.7722 0.122845 23.5833 0.18465 0 2456.69
8.83118e-10 53.775 0.122868 23.5839 0.184649 0 2440.57
9.00781e-10 53.7778 0.122892 23.5845 0.184647 0 2424.55
9.18796e-10 53.7807 0.122915 23.5851 0.184646 0 2408.64
9.37172e-10 53.7835 0.122939 23.5857 0.184645 0 2392.84
9.55916e-10 53.7864 0.122964 23.5863 0.184644 0 2377.14
9.75034e-10 53.7894 0.122988 23.587 0.184643 0 2361.54
9.94535e-10 53.7923 0.123013 23.5876 0.184642 0 2346.05
1.01443e-09 53.7953 0.123038 23.5882 0.184641 0 2330.66
1.03471e-09 53.7983 0.123064 23.5889 0.184639 0 2315.37
1.05541e-09 53.8014 0.123089 23.5895 0.184638 0 2300.18
1.07652e-09 53.8044 0.123115 23.5901 0.184637 0 2285.09
1.09805e-09 53.8075 0.123141 23.5908 0.184636 0 2270.1
1.12001e-09 53.8106 0.123168 23.5915 0.184635 0 2255.21
1.14241e-09 53.8138 0.123194 23.5921 0.184633 0 2240.41
1.16526e-09 53.817 0.123221 23.5928 0.184632 0 2225.72
1.18856e-09 53.8202 0.123248 23.5935 0.184631 0 2211.12
1.21233e-09 53.8234 0.123276 23.5941 0.18463 0 2196.61
1.23658e-09 53.8267 0.123304 23.5948 0.184628 0 2182.21
1.26131e-09 53.83 0.123332 23.5955 0.184627 0 2167.89
1.28654e-09 53.8333 0.12336 23.5962 0.184626 0 2153.67
1.31227e-09 53.8366 0.123389 23.5969 0.184624 0 2139.55
1.33851e-09 53.84 0.123417 23.5976 0.184623 0 2125.52
1.36528e-09 53.8434 0.123447 23.5983 0.184622 0 2111.58
1.39259e-09 53.8469 0.123476 23.599 0.18462 0 2097.73
1.42044e-09 53.8503 0.123506 23.5997 0.184619 0 2083.97
1.44885e-09 53.8538 0.123536 23.6005 0.184618 0 2070.31
1.47783e-09 53.8574 0.123566 23.6012 0.184616 0 2056.73
1.50738e-09 53.8609 0.123597 23.6019 0.184615 0 2043.25
1.53753e-09 53.8645 0.123628 23.6027 0.184613 0 2029.85
1.56828e-09 53.8681 0.123659 23.6034 0.184612 0 2016.54
1.59965e-09 53.8718 0.12369 23.6042 0.18461 0 2003.32
1.63164e-09 53.8755 0.123722 23.6049 0.184609 0 1990.18
1.66427e-09 53.8792 0.123754 23.6057 0.184607 0 1977.13
1.69756e-09 53.883 0.123787 23.6065 0.184606 0 1964.17
1.73151e-09 53.8868 0.12382 23.6073 0.184604 0 1951.29
1.76614e-09 53.8906 0.123853 23.608 0.184603 0 1938.5
1.80146e-09 53.8944 0.123886 23.6088 0.184601 0 1925.8
1.83749e-09 53.8983 0.12392 23.6096 0.1846 0 1913.17
1.87424e-09 53.9023 0.123954 23.6104 0.184598 0 1900.63
1.91173e-09 53.9062 0.123988 23.6112 0.184597 0 1888.17
1.94996e-09 53.9102 0.124023 23.612 0.184595 0 1875.8
1.98896e-09 53.9142 0.124058 23.6129 0.184593 0 1863.5
2.02874e-09 53.9183 0.124093 23.6137 0.184592 0 1851.29
2.06931e-09 53.9224 0.124129 23.6145 0.18459 0 1839.15
2.1107e-09 53.9265 0.124165 23.6154 0.184589 0 1827.1
2.15291e-09 53.9307 0.124201 23.6162 0.184587 0 1815.13
2.19597e-09 53.9349 0.124238 23.6171 0.184585 0 1803.23
2.23989e-09 53.9391 0.124275 23.6179 0.184583 0 1791.41
2.28469e-09 53.9434 0.124312 23.6188 0.184582 0 1779.68
2.33038e-09 53.9477 0.12435 23.6196 0.18458 0 1768.01
2.37699e-09 53.952 0.124388 23.6205 0.184578 0 1756.43
2.42453e-09 53.9564 0.124427 23.6214 0.184576 0 1744.92
2.47302e-09 53.9608 0.124465 23.6223 0.184575 0 1733.49
2.52248e-09 53.9653 0.124505 23.6232 0.184573 0 1722.13
2.57293e-09 53.9698 0.124544 23.6241 0.184571 0 1710.85
2.62439e-09 53.9743 0.124584 23.625 0.184569 0 1699.64
2.67688e-09 53.9789 0.124624 23.6259 0.184567 0 1688.5
2.73042e-09 53.9835 0.124665 23.6268 0.184565 0 1677.44
2.78502e-09 53.9881 0.124706 23.6278 0.184564 0 1666.46
2.84072e-09 53.9928 0.124747 23.6287 0.184562 0 1655.54
2.89754e-09 53.9975 0.124789 23.6296 0.18456 0 1644.7
2.95549e-09 54.0023 0.124831 23.6306 0.184558 0 1633.92
3.0146e-09 54.0071 0.124873 23.6315 0.184556 0 1623.22
3.07489e-09 54.0119 0.124916 23.6325 0.184554 0 1612.59
3.13639e-09 54.0168 0.124959 23.6335 0.184552 0 1602.03
3.19912e-09 54.0218 0.125003 23.6344 0.18455 0 1591.54
3.2631e-09 54.0267 0.125047 23.6354 0.184548 0 1581.11
3.32836e-09 54.0317 0.125091 23.6364 0.184546 0 1570.76
3.39493e-09 54.0368 0.125136 23.6374 0.184544 0 1560.47
3.46283e-09 54.0419 0.125181 23.6384 0.184542 0 1550.26
3.53208e-09 54.047 0.125227 23.6394 0.18454 0 1540.11
3.60272e-09 54.0522 0.125273 23.6404 0.184537 0 1530.02
3.67478e-09 54.0574 0.125319 23.6415 0.184535 0 1520
3.74827e-09 54.0626 0.125366 23.6425 0.184533 0 1510.05
3.82324e-09 54.0679 0.125413 23.6435 0.184531 0 1500.17
3.89971e-09 54.0733 0.125461 23.6446 0.184529 0 1490.35
3.9777e-09 54.0786 0.125509 23.6457 0.184527 0 1480.59
4.05725e-09 54.0841 0.125557 23.6467 0.184524 0 1470.9
4.1384e-09 54.0895 0.125606 23.6478 0.184522 0 1461.27
4.22117e-09 54.0951 0.125655 23.6489 0.18452 0 1451.71
4.30559e-09 54.1006 0.125705 23.65 0.184518 0 1442.21
4.3917e-09 54.1062 0.125755 23.651 0.184515 0 1432.77
4.47954e-09 54.1119 0.125806 23.6521 0.184513 0 1423.39
4.56913e-09 54.1176 0.125857 23.6533 0.184511 0 1414.07
4.66051e-09 54.1233 0.125908 23.6544 0.184508 0 1404.82
4.75372e-09 54.1291 0.12596 23.6555 0.184506 0 1395.63
4.84879e-09 54.1349 0.126012 23.6566 0.184503 0 1386.5
4.94577e-09 54.1408 0.126065 23.6578 0.184501 0 1377.42
5.04468e-09 54.1467 0.126118 23.6589 0.184498 0 1368.41
5.14558e-09 54.1527 0.126172 23.6601 0.184496 0 1359.46
5.24849e-09 54.1587 0.126226 23.6612 0.184494 0 1350.56
5.35346e-09 54.1648 0.126281 23.6624 0.184491 0 1341.73
5.46053e-09 54.1709 0.126336 23.6636 0.184488 0 1332.95
5.56974e-09 54.1771 0.126391 23.6648 0.184486 0 1324.23
5.68113e-09 54.1833 0.126447 23.666 0.184483 0 1315.57
5.79476e-09 54.1896 0.126503 23.6672 0.184481 0 1306.97
5.91065e-09 54.1959 0.12656 23.6684 0.184478 0 1298.42
6.02886e-09 54.2022 0.126618 23.6696 0.184475 0 1289.92
6.14944e-09 54.2087 0.126675 23.6709 0.184473 0 1281.49
6.27243e-09 54.2151 0.126734 23.6721 0.18447 0 1273.11
6.39788e-09 54.2216 0.126792 23.6734 0.184467 0 1264.78
6.52584e-09 54.2282 0.126852 23.6746 0.184465 0 1256.51
6.65635e-09 54.2348 0.126911 23.6759 0.184462 0 1248.3
6.78948e-09 54.2415 0.126972 23.6772 0.184459 0 1240.13
6.92527e-09 54.2482 0.127032 23.6785 0.184456 0 1232.03
7.06378e-09 54.2549 0.127094 23.6797 0.184453 0 1223.97
7.20505e-09 54.2618 0.127155 23.681 0.184451 0 1215.97
7.34915e-09 54.2686 0.127217 23.6824 0.184448 0 1208.02
7.49614e-09 54.2756 0.12728 23.6837 0.184445 0 1200.12
7.64606e-09 54.2825 0.127343 23.685 0.184442 0 1192.28
7.79898e-09 54.2896 0.127407 23.6863 0.184439 0 1184.49
7.95496e-09 54.2966 0.127471 23.6877 0.184436 0 1176.74
8.11406e-09 54.3038 0.127536 23.689 0.184433 0 1169.05
8.27634e-09 54.311 0.127601 23.6904 0.18443 0 1161.41
8.44187e-09 54.3182 0.127667 23.6918 0.184427 0 1153.82
8.6107e-09 54.3255 0.127733 23.6932 0.184424 0 1146.28
8.78292e-09 54.3329 0.1278 23.6946 0.184421 0 1138.79
8.95858e-09 54.3403 0.127868 23.696 0.184418 0 1131.35
9.13775e-09 54.3478 0.127935 23.6974 0.184415 0 1123.96
9.3205e-09 54.3553 0.128004 23.6988 0.184411 0 1116.62
9.50691e-09 54.3629 0.128073 23.7002 0.184408 0 1109.32
9.69705e-09 54.3705 0.128142 23.7017 0.184405 0 1102.08
9.89099e-09 54.3782 0.128212 23.7031 0.184402 0 1094.88
1.00888e-08 54.386 0.128283 23.7046 0.184398 0 1087.73
1.02906e-08 54.3938 0.128354 23.7061 0.184395 0 1080.62
1.04964e-08 54.4017 0.128426 23.7075 0.184392 0 1073.56
1.07063e-08 54.4096 0.128498 23.709 0.184388 0 1066.55
1.09205e-08 54.4176 0.128571 23.7105 0.184385 0 1059.59
1.11389e-08 54.4256 0.128644 23.712 0.184382 0 1052.67
1.13616e-08 54.4337 0.128718 23.7136 0.184378 0 1045.79
1.15889e-08 54.4419 0.128793 23.7151 0.184375 0 1038.97
1.18207e-08 54.4501 0.128868 23.7166 0.184371 0 1032.18
1.20571e-08 54.4584 0.128944 23.7182 0.184368 0 1025.44
1.22982e-08 54.4668 0.12902 23.7197 0.184364 0 1018.75
1.25442e-08 54.4752 0.129097 23.7213 0.184361 0 1012.1
1.27951e-08 54.4837 0.129174 23.7229 0.184357 0 1005.49
1.3051e-08 54.4922 0.129252 23.7245 0.184353 0 998.929
1.3312e-08 54.5008 0.129331 23.7261 0.18435 0 992.409
1.35782e-08 54.5095 0.12941 23.7277 0.184346 0 985.932
1.38498e-08 54.5182 0.12949 23.7293 0.184342 0 979.498
1.41268e-08 54.527 0.12957 23.731 0.184339 0 973.106
1.44093e-08 54.5358 0.129651 23.7326 0.184335 0 966.756
1.46975e-08 54.5448 0.129733 23.7343 0.184331 0 960.448
1.49914e-08 54.5537 0.129815 23.7359 0.184327 0 954.181
1.52913e-08 54.5628 0.129898 23.7376 0.184323 0 947.956
1.55971e-08 54.5719 0.129982 23.7393 0.184319 0 941.772
1.5909e-08 54.5811 0.130066 23.741 0.184315 0 935.628
1.62272e-08 54.5903 0.13015 23.7427 0.184311 0 929.525
1.65518e-08 54.5997 0.130236 23.7444 0.184307 0 923.462
1.68828e-08 54.609 0.130322 23.7461 0.184303 0 917.439
1.72205e-08 54.6185 0.130408 23.7479 0.184299 0 911.456
1.75649e-08 54.628 0.130496 23.7496 0.184295 0 905.512
1.79162e-08 54.6376 0.130584 23.7514 0.184291 0 899.607
1.82745e-08 54.6472 0.130672 23.7532 0.184287 0 893.741
1.864e-08 54.657 0.130761 23.755 0.184283 0 887.913
1.90128e-08 54.6668 0.130851 23.7568 0.184279 0 882.124
1.9393e-08 54.6766 0.130942 23.7586 0.184274 0 876.373
1.97809e-08 54.6866 0.131033 23.7604 0.18427 0 870.66
2.01765e-08 54.6966 0.131125 23.7622 0.184266 0 864.985
2.058e-08 54.7067 0.131218 23.7641 0.184261 0 859.347
2.09916e-08 54.7168 0.131311 23.7659 0.184257 0 853.746
2.14115e-08 54.727 0.131405 23.7678 0.184253 0 848.182
2.18397e-08 54.7373 0.131499 23.7697 0.184248 0 842.654
2.22765e-08 54.7477 0.131595 23.7716 0.184244 0 837.163
2.2722e-08 54.7581 0.131691 23.7735 0.184239 0 831.708
2.31765e-08 54.7686 0.131787 23.7754 0.184235 0 826.289
2.364e-08 54.7792 0.131885 23.7773 0.18423 0 820.906
2.41128e-08 54.7899 0.131983 23.7793 0.184225 0 815.558
2.45951e-08 54.8006 0.132081 23.7812 0.184221 0 810.245
2.5087e-08 54.8114 0.132181 23.7832 0.184216 0 804.967
2.55887e-08 54.8223 0.132281 23.7852 0.184211 0 799.724
2.61005e-08 54.8333 0.132382 23.7872 0.184207 0 794.516
2.66225e-08 54.8443 0.132484 23.7892 0.184202 0 789.341
2.71549e-08 54.8555 0.132586 23.7912 0.184197 0 784.201
2.7698e-08 54.8666 0.132689 23.7932 0.184192 0 779.095
2.8252e-08 54.8779 0.132793 23.7953 0.184187 0 774.022
2.8817e-08 54.8893 0.132898 23.7973 0.184182 0 768.983
2.93934e-08 54.9007 0.133003 23.7994 0.184177 0 763.977
2.99812e-08 54.9122 0.133109 23.8015 0.184172 0 759.003
3.05809e-08 54.9238 0.133216 23.8035 0.184167 0 754.063
3.11925e-08 54.9355 0.133323 23.8057 0.184162 0 749.155
3.18163e-08 54.9472 0.133432 23.8078 0.184157 0 744.279
3.24526e-08 54.9591 0.133541 23.8099 0.184152 0 739.435
3.31017e-08 54.971 0.133651 23.812 0.184146 0 734.624
3.37637e-08 54.983 0.133761 23.8142 0.184141 0 729.844
3.4439e-08 54.9951 0.133873 23.8164 0.184136 0 725.095
3.51278e-08 55.0072 0.133985 23.8186 0.184131 0 720.378
3.58303e-08 55.0195 0.134098 23.8208 0.184125 0 715.691
3.6547e-08 55.0318 0.134212 23.823 0.18412 0 711.036
3.72779e-08 55.0443 0.134326 23.8252 0.184114 0 706.411
3.80235e-08 55.0568 0.134442 23.8274 0.184109 0 701.816
3.87839e-08 55.0693 0.134558 23.8297 0.184103 0 697.252
3.95596e-08 55.082 0.134675 23.8319 0.184098 0 692.718
4.03508e-08 55.0948 0.134792 23.8342 0.184092 0 688.214
4.11578e-08 55.1076 0.134911 23.8365 0.184086 0 683.739
4.1981e-08 55.1206 0.13503 23.8388 0.184081 0 679.294
4.28206e-08 55.1336 0.135151 23.8411 0.184075 0 674.878
4.3677e-08 55.1467 0.135272 23.8435 0.184069 0 670.491
4.45505e-08 55.1599 0.135394 23.8458 0.184063 0 666.133
4.54415e-08 55.1732 0.135516 23.8482 0.184057 0 661.803
4.63504e-08 55.1866 0.13564 23.8505 0.184051 0 657.502
4.72774e-08 55.2001 0.135764 23.8529 0.184046 0 653.23
4.82229e-08 55.2136 0.13589 23.8553 0.184039 0 648.985
4.91874e-08 55.2273 0.136016 23.8578 0.184033 0 644.769
5.01711e-08 55.2411 0.136143 23.8602 0.184027 0 640.58
5.11746e-08 55.2549 0.136271 23.8626 0.184021 0 636.418
5.2198e-08 55.2688 0.136399 23.8651 0.184015 0 632.284
5.3242e-08 55.2829 0.136529 23.8676 0.184009 0 628.178
5.43069e-08 55.297 0.13666 23.8701 0.184002 0 624.098
5.5393e-08 55.3112 0.136791 23.8726 0.183996 0 620.045
5.65008e-08 55.3255 0.136923 23.8751 0.18399 0 616.019
5.76309e-08 55.3399 0.137056 23.8776 0.183983 0 612.019
5.87835e-08 55.3545 0.13719 23.8802 0.183977 0 608.046
5.99592e-08 55.3691 0.137325 23.8827 0.18397 0 604.098
6.11583e-08 55.3838 0.137461 23.8853 0.183964 0 600.177
6.23815e-08 55.3986 0.137598 23.8879 0.183957 0 596.282
6.36291e-08 55.4135 0.137736 23.8905 0.18395 0 592.412
6.49017e-08 55.4285 0.137874 23.8932 0.183944 0 588.567
6.61997e-08 55.4436 0.138014 23.8958 0.183937 0 584.748
6.75237e-08 55.4588 0.138154 23.8985 0.18393 0 580.954
6.88742e-08 55.4741 0.138296 23.9011 0.183923 0 577.185
7.02517e-08 55.4895 0.138438 23.9038 0.183916 0 573.441
7.16567e-08 55.505 0.138582 23.9065 0.183909 0 569.721
7.30899e-08 55.5206 0.138726 23.9092 0.183902 0 566.026
7.45517e-08 55.5363 0.138871 23.912 0.183895 0 562.355
7.60427e-08 55.5521 0.139017 23.9147 0.183888 0 558.708
7.75636e-08 55.5681 0.139165 23.9175 0.183881 0 555.085
7.91148e-08 55.5841 0.139313 23.9203 0.183874 0 551.486
8.06971e-08 55.6002 0.139462 23.9231 0.183866 0 547.911
8.23111e-08 55.6165 0.139612 23.9259 0.183859 0 544.359
8.39573e-08 55.6328 0.139763 23.9287 0.183852 0 540.831
8.56364e-08 55.6493 0.139915 23.9315 0.183844 0 537.326
8.73492e-08 55.6658 0.140069 23.9344 0.183837 0 533.843
8.90961e-08 55.6825 0.140223 23.9373 0.183829 0 530.384
9.08781e-08 55.6993 0.140378 23.9402 0.183821 0 526.948
9.26956e-08 55.7162 0.140534 23.9431 0.183814 0 523.534
9.45495e-08 55.7332 0.140691 23.946 0.183806 0 520.142
9.64405e-08 55.7503 0.14085 23.949 0.183798 0 516.773
9.83693e-08 55.7676 0.141009 23.9519 0.18379 0 513.426
1.00337e-07 55.7849 0.141169 23.9549 0.183782 0 510.101
1.02343e-07 55.8024 0.141331 23.9579 0.183774 0 506.798
1.0439e-07 55.8199 0.141493 23.9609 0.183766 0 503.516
1.06478e-07 55.8376 0.141657 23.9639 0.183758 0 500.256
1.08608e-07 55.8554 0.141821 23.967 0.18375 0 497.018
1.1078e-07 55.8733 0.141987 23.97 0.183742 0 493.801
1.12995e-07 55.8914 0.142154 23.9731 0.183734 0 490.605
1.15255e-07 55.9095 0.142321 23.9762 0.183725 0 487.43
1.1756e-07 55.9278 0.14249 23.9793 0.183717 0 484.276
1.19912e-07 55.9462 0.14266 23.9824 0.183709 0 481.142
1.2231e-07 55.9647 0.142831 23.9856 0.1837 0 478.029
1.24756e-07 55.9833 0.143003 23.9887 0.183692 0 474.937
1.27251e-07 56.002 0.143177 23.9919 0.183683 0 471.865
1.29796e-07 56.0209 0.143351 23.9951 0.183674 0 468.813
1.32392e-07 56.0399 0.143527 23.9983 0.183665 0 465.781
1.3504e-07 56.059 0.143703 24.0016 0.183657 0 462.77
1.37741e-07 56.0782 0.143881 24.0048 0.183648 0 459.777
1.40496e-07 56.0976 0.14406 24.0081 0.183639 0 456.805
1.43306e-07 56.1171 0.14424 24.0114 0.18363 0 453.852
1.46172e-07 56.1367 0.144422 24.0147 0.183621 0 450.919
1.49095e-07 56.1564 0.144604 24.018 0.183611 0 448.005
1.52077e-07 56.1763 0.144788 24.0213 0.183602 0 445.11
1.55119e-07 56.1963 0.144972 24.0247 0.183593 0 442.234
1.58221e-07 56.2164 0.145158 24.0281 0.183584 0 439.377
1.61385e-07 56.2367 0.145345 24.0315 0.183574 0 436.538
1.64613e-07 56.2571 0.145534 24.0349 0.183565 0 433.719
1.67905e-07 56.2776 0.145723 24.0383 0.183555 0 430.917
1.71263e-07 56.2982 0.145914 24.0418 0.183545 0 428.135
1.74689e-07 56.319 0.146106 24.0452 0.183536 0 425.37
1.78182e-07 56.3399 0.146299 24.0487 0.183526 0 422.624
1.81746e-07 56.3609 0.146494 24.0522 0.183516 0 419.896
1.85381e-07 56.3821 0.146689 24.0557 0.183506 0 417.185
1.89089e-07 56.4034 0.146886 24.0593 0.183496 0 414.493
1.9287e-07 56.4249 0.147084 24.0628 0.183486 0 411.818
1.96728e-07 56.4464 0.147284 24.0664 0.183476 0 409.161
2.00662e-07 56.4682 0.147484 24.07 0.183466 0 406.521
2.04676e-07 56.49 0.147686 24.0736 0.183456 0 403.899
2.08769e-07 56.512 0.147889 24.0772 0.183445 0 401.293
2.12945e-07 56.5342 0.148094 24.0809 0.183435 0 398.705
2.17203e-07 56.5564 0.148299 24.0846 0.183424 0 396.134
2.21547e-07 56.5789 0.148506 24.0883 0.183414 0 393.58
2.25978e-07 56.6014 0.148715 24.092 0.183403 0 391.042
2.30498e-07 56.6241 0.148924 24.0957 0.183392 0 388.522
2.35108e-07 56.647 0.149135 24.0994 0.183381 0 386.017
2.3981e-07 56.67 0.149348 24.1032 0.18337 0 383.53
2.44606e-07 56.6931 0.149561 24.107 0.183359 0 381.058
2.49498e-07 56.7164 0.149776 24.1108 0.183348 0 378.603
2.54488e-07 56.7398 0.149992 24.1146 0.183337 0 376.164
2.59578e-07 56.7634 0.15021 24.1185 0.183326 0 373.741
2.6477e-07 56.7871 0.150429 24.1223 0.183315 0 371.334
2.70065e-07 56.811 0.150649 24.1262 0.183303 0 368.942
2.75466e-07 56.835 0.150871 24.1301 0.183292 0 366.567
2.80976e-07 56.8592 0.151094 24.134 0.18328 0 364.207
2.86595e-07 56.8835 0.151319 24.138 0.183269 0 361.862
2.92327e-07 56.908 0.151544 24.142 0.183257 0 359.533
2.98174e-07 56.9326 0.151772 24.1459 0.183245 0 357.219
3.04137e-07 56.9574 0.152 24.1499 0.183233 0 354.92
3.1022e-07 56.9824 0.15223 24.154 0.183221 0 352.637
3.16424e-07 57.0075 0.152462 24.158 0.183209 0 350.368
3.22753e-07 57.0327 0.152695 24.1621 0.183197 0 348.114
3.29208e-07 57.0581 0.152929 24.1661 0.183185 0 345.875
3.35792e-07 57.0837 0.153165 24.1702 0.183172 0 343.651
3.42508e-07 57.1094 0.153402 24.1744 0.18316 0 341.441
3.49358e-07 57.1353 0.153641 24.1785 0.183147 0 339.246
3.56345e-07 57.1614 0.153881 24.1827 0.183135 0 337.066
3.63472e-07 57.1876 0.154123 24.1868 0.183122 0 334.899
3.70742e-07 57.214 0.154366 24.191 0.183109 0 332.747
3.78156e-07 57.2405 0.15461 24.1953 0.183096 0 330.609
3.8572e-07 57.2672 0.154857 24.1995 0.183083 0 328.485
3.93434e-07 57.2941 0.155104 24.2038 0.18307 0 326.375
4.01303e-07 57.3211 0.155353 24.2081 0.183057 0 324.278
4.09329e-07 57.3484 0.155604 24.2124 0.183044 0 322.196
4.17515e-07 57.3757 0.155856 24.2167 0.18303 0 320.127
4.25866e-07 57.4033 0.15611 24.221 0.183017 0 318.072
4.34383e-07 57.431 0.156365 24.2254 0.183003 0 316.03
4.4307e-07 57.4589 0.156622 24.2298 0.18299 0 314.002
4.51932e-07 57.4869 0.15688 24.2342 0.182976 0 311.987
4.60971e-07 57.5152 0.15714 24.2386 0.182962 0 309.985
4.7019e-07 57.5436 0.157402 24.2431 0.182948 0 307.996
4.79594e-07 57.5722 0.157665 24.2475 0.182934 0 306.02
4.89186e-07 57.6009 0.157929 24.252 0.18292 0 304.057
4.98969e-07 57.6299 0.158196 24.2565 0.182905 0 302.108
5.08949e-07 57.659 0.158464 24.2611 0.182891 0 300.171
5.19128e-07 57.6883 0.158733 24.2656 0.182876 0 298.246
5.2951e-07 57.7177 0.159004 24.2702 0.182862 0 296.334
5.401e-07 57.7474 0.159277 24.2748 0.182847 0 294.435
5.50902e-07 57.7772 0.159551 24.2794 0.182832 0 292.548
5.61921e-07 57.8072 0.159827 24.284 0.182817 0 290.674
5.73159e-07 57.8374 0.160105 24.2887 0.182802 0 288.812
5.84622e-07 57.8678 0.160384 24.2934 0.182787 0 286.962
5.96315e-07 57.8984 0.160665 24.2981 0.182772 0 285.124
6.08241e-07 57.9291 0.160948 24.3028 0.182757 0 283.298
6.20406e-07 57.9601 0.161232 24.3075 0.182741 0 281.485
6.32814e-07 57.9912 0.161519 24.3123 0.182725 0 279.683
6.4547e-07 58.0225 0.161806 24.3171 0.18271 0 277.893
6.58379e-07 58.054 0.162096 24.3219 0.182694 0 276.114
6.71547e-07 58.0857 0.162387 24.3267 0.182678 0 274.348
6.84978e-07 58.1176 0.16268 24.3315 0.182662 0 272.593
6.98678e-07 58.1497 0.162975 24.3364 0.182646 0 270.849
7.12651e-07 58.182 0.163271 24.3413 0.182629 0 269.117
7.26904e-07 58.2145 0.163569 24.3462 0.182613 0 267.396
7.41442e-07 58.2472 0.163869 24.3511 0.182596 0 265.687
7.56271e-07 58.28 0.164171 24.3561 0.18258 0 263.988
7.71396e-07 58.3131 0.164475 24.361 0.182563 0 262.301
7.86824e-07 58.3464 0.16478 24.366 0.182546 0 260.625
8.02561e-07 58.3798 0.165087 24.371 0.182529 0 258.96
8.18612e-07 58.4135 0.165396 24.3761 0.182512 0 257.305
8.34984e-07 58.4474 0.165707 24.3811 0.182495 0 255.662
8.51684e-07 58.4815 0.166019 24.3862 0.182477 0 254.029
8.68718e-07 58.5158 0.166334 24.3913 0.18246 0 252.407
8.86092e-07 58.5502 0.16665 24.3964 0.182442 0 250.796
9.03814e-07 58.5849 0.166968 24.4016 0.182424 0 249.195
9.2189e-07 58.6199 0.167288 24.4067 0.182406 0 247.605
9.40328e-07 58.655 0.16761 24.4119 0.182388 0 246.025
9.59135e-07 58.6903 0.167934 24.4171 0.18237 0 244.455
9.78317e-07 58.7258 0.16826 24.4223 0.182352 0 242.896
9.97884e-07 58.7616 0.168587 24.4276 0.182333 0 241.347
1.01784e-06 58.7976 0.168917 24.4328 0.182315 0 239.808
1.0382e-06 58.8337 0.169248 24.4381 0.182296 0 238.279
1.05896e-06 58.8701 0.169581 24.4434 0.182277 0 236.76
1.08014e-06 58.9067 0.169916 24.4488 0.182258 0 235.251
1.10174e-06 58.9436 0.170254 24.4541 0.182239 0 233.752
1.12378e-06 58.9806 0.170593 24.4595 0.182219 0 232.263
1.14625e-06 59.0179 0.170934 24.4649 0.1822 0 230.783
1.16918e-06 59.0554 0.171277 24.4703 0.18218 0 229.314
1.19256e-06 59.0931 0.171622 24.4757 0.182161 0 227.853
1.21641e-06 59.1311 0.171969 24.4812 0.182141 0 226.403
1.24074e-06 59.1692 0.172318 24.4866 0.182121 0 224.962
1.26556e-06 59.2076 0.172669 24.4921 0.182101 0 223.53
1.29087e-06 59.2462 0.173022 24.4977 0.18208 0 222.108
1.31669e-06 59.2851 0.173377 24.5032 0.18206 0 220.694
1.34302e-06 59.3241 0.173735 24.5087 0.182039 0 219.291
1.36988e-06 59.3635 0.174094 24.5143 0.182018 0 217.896
1.39728e-06 59.403 0.174455 24.5199 0.181997 0 216.511
1.42522e-06 59.4428 0.174818 24.5255 0.181976 0 215.134
1.45373e-06 59.4828 0.175184 24.5312 0.181955 0 213.767
1.4828e-06 59.523 0.175551 24.5368 0.181934 0 212.408
1.51246e-06 59.5635 0.175921 24.5425 0.181912 0 211.058
1.54271e-06 59.6042 0.176293 24.5482 0.18189 0 209.718
1.57356e-06 59.6452 0.176667 24.5539 0.181869 0 208.386
1.60503e-06 59.6864 0.177043 24.5597 0.181847 0 207.062
1.63713e-06 59.7278 0.177421 24.5654 0.181824 0 205.748
1.66988e-06 59.7695 0.177801 24.5712 0.181802 0 204.441
1.70327e-06 59.8114 0.178183 24.577 0.181779 0 203.144
1.73734e-06 59.8536 0.178568 24.5828 0.181757 0 201.855
1.77209e-06 59.896 0.178955 24.5887 0.181734 0 200.574
1.80753e-06 59.9386 0.179344 24.5945 0.181711 0 199.302
1.84368e-06 59.9816 0.179735 24.6004 0.181688 0 198.038
1.88055e-06 60.0247 0.180128 24.6063 0.181664 0 196.782
1.91816e-06 60.0681 0.180524 24.6122 0.181641 0 195.534
1.95653e-06 60.1118 0.180921 24.6181 0.181617 0 194.295
1.99566e-06 60.1557 0.181321 24.6241 0.181593 0 193.064
2.03557e-06 60.1999 0.181724 24.6301 0.181569 0 191.841
2.07628e-06 60.2443 0.182128 24.6361 0.181545 0 190.625
2.11781e-06 60.289 0.182535 24.6421 0.18152 0 189.418
2.16016e-06 60.334 0.182944 24.6481 0.181496 0 188.218
2.20337e-06 60.3792 0.183355 24.6542 0.181471 0 187.027
2.24743e-06 60.4246 0.183769 24.6602 0.181446 0 185.843
2.29238e-06 60.4704 0.184185 24.6663 0.181421 0 184.667
2.33823e-06 60.5164 0.184603 24.6724 0.181395 0 183.498
2.38499e-06 60.5626 0.185024 24.6785 0.18137 0 182.338
2.43269e-06 60.6091 0.185447 24.6847 0.181344 0 181.184
2.48135e-06 60.6559 0.185872 24.6908 0.181318 0 180.039
2.53098e-06 60.703 0.1863 24.697 0.181292 0 178.9
2.5816e-06 60.7503 0.18673 24.7032 0.181266 0 177.77
2.63323e-06 60.7979 0.187162 24.7094 0.181239 0 176.646
2.68589e-06 60.8458 0.187597 24.7157 0.181212 0 175.53
2.73961e-06 60.894 0.188034 24.7219 0.181186 0 174.421
2.7944e-06 60.9424 0.188474 24.7282 0.181158 0 173.319
2.85029e-06 60.9911 0.188916 24.7345 0.181131 0 172.225
2.9073e-06 61.0401 0.18936 24.7408 0.181104 0 171.138
2.96544e-06 61.0893 0.189807 24.7471 0.181076 0 170.058
3.02475e-06 61.1389 0.190257 24.7534 0.181048 0 168.984
3.08525e-06 61.1887 0.190709 24.7598 0.18102 0 167.918
3.14695e-06 61.2388 0.191163 24.7661 0.180991 0 166.859
3.20989e-06 61.2892 0.19162 24.7725 0.180963 0 165.807
3.27409e-06 61.3399 0.192079 24.7789 0.180934 0 164.761
3.33957e-06 61.3909 0.192541 24.7853 0.180905 0 163.722
3.40636e-06 61.4421 0.193005 24.7917 0.180876 0 162.691
3.47449e-06 61.4937 0.193472 24.7982 0.180846 0 161.665
3.54398e-06 61.5455 0.193941 24.8046 0.180817 0 160.647
3.61486e-06 61.5976 0.194413 24.8111 0.180787 0 159.635
3.68715e-06 61.6501 0.194888 24.8176 0.180757 0 158.63
3.7609e-06 61.7028 0.195365 24.8241 0.180727 0 157.631
3.83611e-06 61.7558 0.195844 24.8306 0.180696 0 156.639
3.91284e-06 61.8091 0.196327 24.8372 0.180665 0 155.653
3.99109e-06 61.8627 0.196811 24.8437 0.180634 0 154.674
4.07092e-06 61.9167 0.197299 24.8503 0.180603 0 153.701
4.15233e-06 61.9709 0.197789 24.8569 0.180572 0 152.734
4.23538e-06 62.0254 0.198282 24.8635 0.18054 0 151.774
4.32009e-06 62.0802 0.198777 24.8701 0.180508 0 150.819
4.40649e-06 62.1354 0.199275 24.8767 0.180476 0 149.872
4.49462e-06 62.1908 0.199776 24.8833 0.180443 0 148.93
4.58451e-06 62.2466 0.200279 24.8899 0.180411 0 147.994
4.6762e-06 62.3027 0.200785 24.8966 0.180378 0 147.065
4.76973e-06 62.359 0.201294 24.9033 0.180345 0 146.141
4.86512e-06 62.4157 0.201805 24.9099 0.180311 0 145.224
4.96242e-06 62.4727 0.20232 24.9166 0.180278 0 144.312
5.06167e-06 62.5301 0.202837 24.9233 0.180244 0 143.406
5.1629e-06 62.5877 0.203356 24.9301 0.18021 0 142.507
5.26616e-06 62.6457 0.203879 24.9368 0.180175 0 141.613
5.37149e-06 62.704 0.204404 24.9435 0.180141 0 140.725
5.47892e-06 62.7626 0.204932 24.9503 0.180106 0 139.843
5.58849e-06 62.8215 0.205463 24.957 0.18007 0 138.966
5.70026e-06 62.8808 0.205996 24.9638 0.180035 0 138.095
5.81427e-06 62.9404 0.206533 24.9706 0.179999 0 137.23
5.93055e-06 63.0003 0.207072 24.9774 0.179963 0 136.37
6.04917e-06 63.0605 0.207614 24.9842 0.179927 0 135.516
6.17015e-06 63.1211 0.208159 24.991 0.179891 0 134.668
6.29355e-06 63.182 0.208706 24.9978 0.179854 0 133.825
6.41942e-06 63.2433 0.209257 25.0046 0.179817 0 132.987
6.54781e-06 63.3049 0.20981 25.0114 0.179779 0 132.155
6.67877e-06 63.3668 0.210367 25.0183 0.179742 0 131.328
6.81234e-06 63.429 0.210926 25.0251 0.179704 0 130.507
6.94859e-06 63.4916 0.211488 25.032 0.179666 0 129.691
7.08756e-06 63.5546 0.212053 25.0388 0.179627 0 128.88
7.22931e-06 63.6179 0.212621 25.0457 0.179588 0 128.075
7.3739e-06 63.6815 0.213192 25.0525 0.179549 0 127.275
7.52138e-06 63.7455 0.213766 25.0594 0.17951 0 126.48
7.67181e-06 63.8098 0.214343 25.0663 0.17947 0 125.69
7.82524e-06 63.8745 0.214923 25.0732 0.17943 0 124.905
7.98175e-06 63.9395 0.215506 25.0801 0.17939 0 124.125
8.14138e-06 64.0049 0.216092 25.087 0.17935 0 123.351
8.30421e-06 64.0706 0.216681 25.0939 0.179309 0 122.581
8.47029e-06 64.1367 0.217273 25.1008 0.179268 0 121.817
8.6397e-06 64.2032 0.217868 25.1077 0.179226 0 121.057
8.81249e-06 64.27 0.218466 25.1146 0.179184 0 120.302
8.98874e-06 64.3372 0.219067 25.1215 0.179142 0 119.552
9.16852e-06 64.4047 0.219671 25.1284 0.1791 0 118.807
9.35189e-06 64.4726 0.220278 25.1353 0.179057 0 118.067
9.53893e-06 64.5409 0.220889 25.1423 0.179014 0 117.332
9.7297e-06 64.6095 0.221502 25.1492 0.178971 0 116.601
9.9243e-06 64.6785 0.222119 25.1561 0.178927 0 115.875
1.01228e-05 64.7479 0.222738 25.163 0.178883 0 115.154
1.03252e-05 64.8176 0.223361 25.1699 0.178838 0 114.437
1.05317e-05 64.8877 0.223987 25.1769 0.178794 0 113.725
1.07424e-05 64.9582 0.224616 25.1838 0.178749 0 113.018
1.09572e-05 65.0291 0.225248 25.1907 0.178703 0 112.315
1.11764e-05 65.1003 0.225884 25.1976 0.178658 0 111.617
1.13999e-05 65.1719 0.226523 25.2045 0.178612 0 110.924
1.16279e-05 65.2439 0.227164 25.2114 0.178565 0 110.234
1.18605e-05 65.3163 0.22781 25.2183 0.178518 0 109.55
1.20977e-05 65.3891 0.228458 25.2252 0.178471 0 108.869
1.23396e-05 65.4623 0.229109 25.2321 0.178424 0 108.193
1.25864e-05 65.5358 0.229764 25.239 0.178376 0 107.522
1.28381e-05 65.6097 0.230422 25.2459 0.178328 0 106.854
1.30949e-05 65.6841 0.231084 25.2528 0.178279 0 106.192
1.33568e-05 65.7588 0.231748 25.2596 0.17823 0 105.533
1.36239e-05 65.8339 0.232416 25.2665 0.178181 0 104.878
1.38964e-05 65.9094 0.233088 25.2734 0.178131 0 104.228
1.41743e-05 65.9853 0.233762 25.2802 0.178081 0 103.582
1.44578e-05 66.0617 0.23444 25.2871 0.178031 0 102.94
1.4747e-05 66.1384 0.235122 25.2939 0.17798 0 102.303
1.50419e-05 66.2155 0.235806 25.3007 0.177929 0 101.669
1.53428e-05 66.293 0.236494 25.3075 0.177877 0 101.04
1.56496e-05 66.3709 0.237186 25.3144 0.177825 0 100.414
1.59626e-05 66.4493 0.23788 25.3211 0.177773 0 99.7928
1.62819e-05 66.528 0.238579 25.3279 0.17772 0 99.1754
1.66075e-05 66.6072 0.23928 25.3347 0.177667 0 98.562
1.69396e-05 66.6867 0.239985 25.3415 0.177614 0 97.9525
1.72784e-05 66.7667 0.240694 25.3482 0.17756 0 97.3469
1.7624e-05 66.8471 0.241406 25.3549 0.177505 0 96.7453
1.79765e-05 66.928 0.242121 25.3616 0.177451 0 96.1475
1.8336e-05 67.0092 0.24284 25.3683 0.177395 0 95.5536
1.87027e-05 67.0909 0.243562 25.375 0.17734 0 94.9635
1.90768e-05 67.173 0.244288 25.3817 0.177284 0 94.3771
1.94583e-05 67.2555 0.245017 25.3884 0.177227 0 93.7946
1.98475e-05 67.3384 0.24575 25.395 0.17717 0 93.2158
2.02444e-05 67.4218 0.246487 25.4016 0.177113 0 92.6407
2.06493e-05 67.5056 0.247227 25.4082 0.177055 0 92.0693
2.10623e-05 67.5898 0.24797 25.4148 0.176997 0 91.5016
2.14836e-05 67.6745 0.248717 25.4213 0.176939 0 90.9376
2.19132e-05 67.7596 0.249468 25.4279 0.17688 0 90.3771
2.23515e-05 67.8451 0.250222 25.4344 0.17682 0 89.8203
2.27985e-05 67.9311 0.25098 25.4409 0.17676 0 89.267
2.32545e-05 68.0176 0.251742 25.4474 0.1767 0 88.7173
2.37196e-05 68.1044 0.252507 25.4538 0.176639 0 88.1711
2.4194e-05 68.1918 0.253275 25.4602 0.176577 0 87.6285
2.46779e-05 68.2795 0.254048 25.4666 0.176516 0 87.0893
2.51714e-05 68.3677 0.254824 25.473 0.176453 0 86.5536
2.56749e-05 68.4564 0.255604 25.4794 0.176391 0 86.0213
2.61884e-05 68.5455 0.256387 25.4857 0.176327 0 85.4924
2.67121e-05 68.6351 0.257174 25.492 0.176264 0 84.9669
2.72464e-05 68.7251 0.257965 25.4982 0.176199 0 84.4448
2.77913e-05 68.8156 0.258759 25.5045 0.176135 0 83.926
2.83471e-05 68.9066 0.259558 25.5107 0.17607 0 83.4106
2.89141e-05 68.998 0.26036 25.5168 0.176004 0 82.8984
2.94923e-05 69.0899 0.261166 25.523 0.175938 0 82.3896
3.00822e-05 69.1822 0.261975 25.5291 0.175871 0 81.884
3.06838e-05 69.275 0.262788 25.5352 0.175804 0 81.3816
3.12975e-05 69.3683 0.263606 25.5412 0.175736 0 80.8825
3.19235e-05 69.4621 0.264427 25.5472 0.175668 0 80.3865
3.25619e-05 69.5563 0.265251 25.5532 0.175599 0 79.8937
3.32132e-05 69.651 0.26608 25.5592 0.17553 0 79.4041
3.38774e-05 69.7462 0.266912 25.5651 0.17546 0 78.9176
3.4555e-05 69.8419 0.267749 25.5709 0.17539 0 78.4342
3.52461e-05 69.9381 0.268589 25.5767 0.175319 0 77.9539
3.5951e-05 70.0347 0.269433 25.5825 0.175248 0 77.4767
3.667e-05 70.1318 0.270281 25.5883 0.175176 0 77.0026
3.74034e-05 70.2295 0.271133 25.594 0.175104 0 76.5314
3.81515e-05 70.3276 0.271988 25.5996 0.175031 0 76.0633
3.89145e-05 70.4262 0.272848 25.6053 0.174957 0 75.5982
3.96928e-05 70.5253 0.273712 25.6108 0.174883 0 75.136
4.04867e-05 70.6249 0.274579 25.6164 0.174808 0 74.6768
4.12964e-05 70.725 0.275451 25.6219 0.174733 0 74.2205
4.21223e-05 70.8256 0.276326 25.6273 0.174657 0 73.7672
4.29648e-05 70.9267 0.277206 25.6327 0.174581 0 73.3167
4.38241e-05 71.0283 0.278089 25.638 0.174504 0 72.8691
4.47005e-05 71.1304 0.278977 25.6433 0.174426 0 72.4243
4.55946e-05 71.233 0.279868 25.6486 0.174348 0 71.9824
4.65065e-05 71.3361 0.280764 25.6538 0.174269 0 71.5434
4.74366e-05 71.4398 0.281663 25.6589 0.17419 0 71.1071
4.83853e-05 71.544 0.282567 25.664 0.17411 0 70.6736
4.9353e-05 71.6487 0.283475 25.669 0.174029 0 70.2428
5.03401e-05 71.7539 0.284387 25.674 0.173948 0 69.8148
5.13469e-05 71.8596 0.285302 25.6789 0.173866 0 69.3896
5.23738e-05 71.9659 0.286223 25.6838 0.173783 0 68.967
5.34213e-05 72.0727 0.287147 25.6886 0.1737 0 68.5471
5.44897e-05 72.18 0.288075 25.6934 0.173617 0 68.1299
5.55795e-05 72.2879 0.289008 25.6981 0.173532 0 67.7154
5.66911e-05 72.3963 0.289944 25.7027 0.173447 0 67.3035
5.78249e-05 72.5052 0.290885 25.7073 0.173361 0 66.8942
5.89814e-05 72.6147 0.29183 25.7118 0.173275 0 66.4875
6.01611e-05 72.7247 0.292779 25.7162 0.173188 0 66.0834
6.13643e-05 72.8353 0.293733 25.7206 0.1731 0 65.6819
6.25916e-05 72.9464 0.29469 25.7249 0.173012 0 65.283
6.38434e-05 73.0581 0.295652 25.7292 0.172923 0 64.8865
6.51203e-05 73.1703 0.296618 25.7333 0.172833 0 64.4926
6.64227e-05 73.2831 0.297589 25.7374 0.172743 0 64.1012
6.77511e-05 73.3964 0.298563 25.7415 0.172652 0 63.7123
6.91061e-05 73.5103 0.299542 25.7454 0.17256 0 63.3259
7.04883e-05 73.6248 0.300526 25.7493 0.172467 0 62.9419
7.1898e-05 73.7398 0.301513 25.7531 0.172374 0 62.5603
7.3336e-05 73.8555 0.302505 25.7569 0.17228 0 62.1812
7.48027e-05 73.9716 0.303502 25.7606 0.172185 0 61.8045
7.62988e-05 74.0884 0.304502 25.7641 0.17209 0 61.4301
7.78247e-05 74.2057 0.305507 25.7677 0.171994 0 61.0582
7.93812e-05 74.3236 0.306517 25.7711 0.171897 0 60.6886
8.09689e-05 74.4421 0.307531 25.7744 0.171799 0 60.3213
8.25882e-05 74.5612 0.308549 25.7777 0.171701 0 59.9564
8.424e-05 74.6809 0.309572 25.7809 0.171602 0 59.5938
8.59248e-05 74.8012 0.310599 25.784 0.171502 0 59.2335
8.76433e-05 74.922 0.31163 25.787 0.171401 0 58.8754
8.93962e-05 75.0435 0.312667 25.79 0.1713 0 58.5197
9.11841e-05 75.1656 0.313707 25.7928 0.171197 0 58.1662
9.30078e-05 75.2882 0.314752 25.7956 0.171094 0 57.8149
9.48679e-05 75.4115 0.315802 25.7982 0.17099 0 57.4659
9.67653e-05 75.5354 0.316856 25.8008 0.170886 0 57.119
9.87006e-05 75.6599 0.317915 25.8033 0.17078 0 56.7744
0.000100675 75.7851 0.318978 25.8057 0.170674 0 56.4319
0.000102688 75.9108 0.320046 25.8079 0.170567 0 56.0917
0.000104742 76.0372 0.321118 25.8101 0.170459 0 55.7535
0.000106837 76.1642 0.322195 25.8122 0.17035 0 55.4175
0.000108973 76.2918 0.323277 25.8142 0.17024 0 55.0837
0.000111153 76.4201 0.324363 25.8161 0.17013 0 54.7519
0.000113376 76.549 0.325454 25.8179 0.170018 0 54.4223
0.000115643 76.6786 0.326549 25.8196 0.169906 0 54.0947
0.000117956 76.8087 0.32765 25.8212 0.169793 0 53.7692
0.000120315 76.9396 0.328755 25.8227 0.169679 0 53.4458
0.000122722 77.0711 0.329864 25.824 0.169564 0 53.1244
0.000125176 77.2033 0.330979 25.8253 0.169448 0 52.805
0.00012768 77.3361 0.332098 25.8265 0.169331 0 52.4877
0.000130233 77.4696 0.333222 25.8275 0.169213 0 52.1723
0.000132838 77.6037 0.334351 25.8284 0.169095 0 51.859
0.000135495 77.7385 0.335484 25.8292 0.168975 0 51.5476
0.000138205 77.874 0.336623 25.8299 0.168855 0 51.2382
0.000140969 78.0102 0.337766 25.8305 0.168733 0 50.9307
0.000143788 78.1471 0.338914 25.831 0.168611 0 50.6252
0.000146664 78.2847 0.340067 25.8313 0.168487 0 50.3217
0.000149597 78.4229 0.341224 25.8316 0.168363 0 50.02
0.000152589 78.5619 0.342387 25.8317 0.168238 0 49.7202
0.000155641 78.7015 0.343555 25.8316 0.168111 0 49.4224
0.000158754 78.8419 0.344727 25.8315 0.167984 0 49.1264
0.000161929 78.983 0.345905 25.8312 0.167855 0 48.8323
0.000165167 79.1248 0.347087 25.8308 0.167726 0 48.54
0.000168471 79.2673 0.348275 25.8303 0.167596 0 48.2496
0.00017184 79.4105 0.349467 25.8296 0.167464 0 47.961
0.000175277 79.5545 0.350664 25.8288 0.167332 0 47.6742
0.000178782 79.6992 0.351867 25.8278 0.167198 0 47.3893
0.000182358 79.8446 0.353075 25.8268 0.167063 0 47.1061
0.000186005 79.9908 0.354287 25.8255 0.166928 0 46.8248
0.000189725 80.1378 0.355505 25.8242 0.166791 0 46.5452
0.00019352 80.2855 0.356728 25.8227 0.166653 0 46.2673
0.00019739 80.4339 0.357956 25.8211 0.166514 0 45.9912
0.000201338 80.5832 0.359189 25.8193 0.166374 0 45.7169
0.000205365 80.7332 0.360428 25.8174 0.166232 0 45.4443
0.000209472 80.884 0.361671 25.8153 0.16609 0 45.1734
0.000213662 81.0355 0.36292 25.813 0.165946 0 44.9042
0.000217935 81.1879 0.364174 25.8107 0.165801 0 44.6367
0.000222293 81.3411 0.365434 25.8081 0.165655 0 44.3709
0.000226739 81.495 0.366699 25.8055 0.165508 0 44.1068
0.000231274 81.6498 0.367969 25.8026 0.16536 0 43.8443
0.0002359 81.8054 0.369244 25.7996 0.16521 0 43.5835
0.000240618 81.9618 0.370525 25.7965 0.16506 0 43.3243
0.00024543 82.119 0.371811 25.7931 0.164908 0 43.0668
0.000250339 82.2771 0.373102 25.7896 0.164754 0 42.8109
0.000255345 82.42 0.374269 25.7864 0.164615 5.08647e-07 42.5821
0.000355345 83.3842 0.382109 25.7612 0.163669 6.87061e-05 41.0985
0.000455345 84.0009 0.387095 25.7423 0.163055 0.000146974 40.2016
0.000555345 84.5103 0.391197 25.7251 0.162544 0.000228177 39.4893
0.000655345 84.9575 0.394786 25.7087 0.162092 0.00031103 38.8843
0.000755345 85.3621 0.398023 25.693 0.16168 0.000394986 38.3524
0.000855345 85.735 0.400997 25.6777 0.161299 0.00047975 37.8749
0.000955345 86.0829 0.403765 25.6628 0.160941 0.000565139 37.44
0.00105535 86.4104 0.406364 25.6482 0.160602 0.000651033 37.0395
0.00115535 86.7209 0.408822 25.6338 0.16028 0.000737344 36.6678
0.00125535 87.0168 0.411158 25.6196 0.159972 0.000824009 36.3205
0.00135535 87.3 0.41339 25.6055 0.159676 0.000910979 35.9942
0.00145535 87.572 0.415528 25.5917 0.159391 0.000998215 35.6864
0.00155535 87.834 0.417584 25.578 0.159115 0.00108569 35.3948
0.00165535 88.0872 0.419566 25.5644 0.158848 0.00117337 35.1177
0.00175535 88.3323 0.421481 25.5509 0.158589 0.00126124 34.8536
0.00185535 88.57 0.423335 25.5376 0.158336 0.00134928 34.6013
0.00195535 88.801 0.425133 25.5244 0.158091 0.00143748 34.3597
0.00205535 89.0258 0.42688 25.5112 0.157851 0.00152583 34.1278
0.00215535 89.2448 0.428579 25.4982 0.157617 0.0016143 33.905
0.00225535 89.4586 0.430233 25.4853 0.157388 0.0017029 33.6905
0.00235535 89.6674 0.431847 25.4724 0.157163 0.00179162 33.4836
0.00245535 89.8715 0.433422 25.4596 0.156944 0.00188044 33.2839
0.00255535 90.0713 0.43496 25.4469 0.156728 0.00196936 33.0907
0.00265535 90.267 0.436465 25.4343 0.156517 0.00205838 32.9038
0.00275535 90.4588 0.437938 25.4218 0.156309 0.00214748 32.7227
0.00285535 90.6471 0.43938 25.4093 0.156105 0.00223667 32.5471
0.00295535 90.8318 0.440794 25.3969 0.155905 0.00232594 32.3765
0.00305535 91.0133 0.44218 25.3845 0.155707 0.00241528 32.2108
0.00315535 91.1917 0.443541 25.3722 0.155513 0.0025047 32.0497
0.00325535 91.3672 0.444877 25.36 0.155321 0.00259419 31.8929
0.00335535 91.5398 0.44619 25.3478 0.155133 0.00268374 31.7401
0.00345535 91.7098 0.44748 25.3357 0.154947 0.00277335 31.5913
0.00355535 91.8772 0.448749 25.3237 0.154764 0.00286302 31.4461
0.00365535 92.0421 0.449998 25.3117 0.154583 0.00295275 31.3044
0.00375535 92.2047 0.451227 25.2997 0.154404 0.00304254 31.1661
0.00385535 92.365 0.452437 25.2878 0.154228 0.00313237 31.031
0.00395535 92.5232 0.453629 25.276 0.154054 0.00322226 30.8989
0.00405535 92.6792 0.454804 25.2642 0.153882 0.0033122 30.7697
0.00415535 92.8333 0.455962 25.2524 0.153712 0.00340219 30.6433
0.00425535 92.9854 0.457104 25.2407 0.153544 0.00349222 30.5196
0.00435535 93.1357 0.458231 25.229 0.153378 0.00358229 30.3985
0.00445535 93.2842 0.459342 25.2174 0.153213 0.00367241 30.2798
0.00455535 93.431 0.460439 25.2058 0.153051 0.00376257 30.1635
0.00465535 93.5761 0.461523 25.1943 0.15289 0.00385277 30.0494
0.00475535 93.7196 0.462592 25.1828 0.152731 0.00394301 29.9375
0.00485535 93.8615 0.463649 25.1713 0.152573 0.00403329 29.8277
0.00495535 94.0019 0.464693 25.1599 0.152417 0.0041236 29.72
0.00505535 94.1408 0.465725 25.1485 0.152263 0.00421395 29.6142
0.00515535 94.2784 0.466745 25.1372 0.15211 0.00430433 29.5103
0.00525535 94.4145 0.467754 25.1259 0.151958 0.00439475 29.4082
0.00535535 94.5493 0.468751 25.1146 0.151808 0.0044852 29.3079
0.00545535 94.6829 0.469738 25.1034 0.151659 0.00457568 29.2092
0.00555535 94.8151 0.470714 25.0922 0.151511 0.00466619 29.1122
0.00565535 94.9462 0.47168 25.081 0.151365 0.00475673 29.0168
0.00575535 95.0761 0.472636 25.0699 0.15122 0.0048473 28.923
0.00585535 95.2048 0.473582 25.0587 0.151076 0.00493791 28.8306
0.00595535 95.3324 0.474519 25.0477 0.150933 0.00502853 28.7397
0.00605535 95.4589 0.475447 25.0366 0.150791 0.00511919 28.6501
0.00615535 95.5844 0.476366 25.0256 0.150651 0.00520987 28.5619
0.00625535 95.7088 0.477276 25.0146 0.150512 0.00530058 28.4751
0.00635535 95.8322 0.478178 25.0037 0.150373 0.00539131 28.3895
0.00645535 95.9546 0.479072 24.9927 0.150236 0.00548207 28.3052
0.00655535 96.0761 0.479958 24.9818 0.1501 0.00557285 28.222
0.00665535 96.1967 0.480836 24.9709 0.149964 0.00566366 28.1401
0.00675535 96.3163 0.481706 24.9601 0.14983 0.00575448 28.0593
0.00685535 96.4351 0.482569 24.9493 0.149697 0.00584534 27.9796
0.00695535 96.553 0.483424 24.9385 0.149564 0.00593621 27.9009
0.00705535 96.67 0.484273 24.9277 0.149433 0.0060271 27.8233
0.00715535 96.7863 0.485114 24.9169 0.149302 0.00611802 27.7468
0.00725535 96.9017 0.485949 24.9062 0.149172 0.00620895 27.6712
0.00735535 97.0163 0.486777 24.8955 0.149043 0.00629991 27.5966
0.00745535 97.1302 0.487599 24.8848 0.148915 0.00639089 27.523
0.00755535 97.2434 0.488415 24.8741 0.148788 0.00648188 27.4503
0.00765535 97.3558 0.489224 24.8635 0.148661 0.0065729 27.3784
0.00775535 97.4675 0.490027 24.8529 0.148535 0.00666393 27.3075
0.00785535 97.5784 0.490824 24.8423 0.14841 0.00675498 27.2374
0.00795535 97.6888 0.491616 24.8317 0.148286 0.00684605 27.1682
0.00805535 97.7984 0.492402 24.8212 0.148162 0.00693713 27.0997
0.00815535 97.9074 0.493182 24.8106 0.14804 0.00702824 27.0321
0.00825535 98.0157 0.493957 24.8001 0.147917 0.00711936 26.9652
0.00835535 98.1234 0.494726 24.7896 0.147796 0.00721049 26.8991
0.00845535 98.2306 0.495491 24.7791 0.147675 0.00730164 26.8337
0.00855535 98.3371 0.49625 24.7686 0.147555 0.00739281 26.7691
0.00865535 98.443 0.497004 24.7582 0.147436 0.00748399 26.7051
0.00875535 98.5483 0.497754 24.7478 0.147317 0.00757519 26.6419
0.00885535 98.6531 0.498498 24.7374 0.147198 0.0076664 26.5793
0.00895535 98.7573 0.499238 24.727 0.147081 0.00775763 26.5174
0.00905535 98.861 0.499973 24.7166 0.146964 0.00784887 26.4562
0.00915535 98.9642 0.500704 24.7062 0.146847 0.00794012 26.3956
0.00925535 99.0669 0.50143 24.6959 0.146732 0.00803139 26.3356
0.00935535 99.169 0.502152 24.6855 0.146616 0.00812267 26.2762
0.00945535 99.2706 0.50287 24.6752 0.146502 0.00821396 26.2174
0.00955535 99.3718 0.503584 24.6649 0.146387 0.00830527 26.1592
0.00965535 99.4725 0.504293 24.6546 0.146274 0.00839659 26.1015
0.00975535 99.5727 0.504998 24.6443 0.146161 0.00848792 26.0445
0.00985535 99.6724 0.5057 24.6341 0.146048 0.00857926 25.9879
0.00995535 99.7717 0.506397 24.6238 0.145936 0.00867061 25.9319
0.0100553 99.8706 0.507091 24.6136 0.145825 0.00876198 25.8765
0.0101553 99.969 0.507781 24.6033 0.145714 0.00885335 25.8215
0.0102553 100.067 0.508467 24.5931 0.145603 0.00894474 25.7671
0.0103553 100.165 0.50915 24.5829 0.145493 0.00903614 25.7131
0.0104553 100.262 0.509829 24.5727 0.145383 0.00912754 25.6597
0.0105553 100.359 0.510504 24.5625 0.145274 0.00921896 25.6067
0.0106553 100.455 0.511176 24.5524 0.145165 0.00931039 25.5542
0.0107553 100.551 0.511845 24.5422 0.145057 0.00940182 25.5021
0.0108553 100.647 0.512511 24.5321 0.144949 0.00949327 25.4505
0.0109553 100.742 0.513173 24.5219 0.144842 0.00958472 25.3994
0.0110553 100.837 0.513832 24.5118 0.144735 0.00967619 25.3487
0.0111553 100.931 0.514488 24.5017 0.144628 0.00976766 25.2984
0.0112553 101.025 0.515141 24.4915 0.144522 0.00985914 25.2485
0.0113553 101.119 0.515791 24.4814 0.144416 0.00995063 25.199
0.0114553 101.213 0.516437 24.4713 0.144311 0.0100421 25.15
0.0115553 101.306 0.517081 24.4613 0.144206 0.0101336 25.1013
0.0116553 101.399 0.517722 24.4512 0.144101 0.0102251 25.0531
0.0117553 101.491 0.51836 24.4411 0.143997 0.0103167 25.0052
0.0118553 101.583 0.518996 24.431 0.143893 0.0104082 24.9577
0.0119553 101.675 0.519628 24.421 0.14379 0.0104997 24.9105
0.0120553 101.767 0.520258 24.4109 0.143687 0.0105913 24.8638
0.0121553 101.858 0.520886 24.4009 0.143584 0.0106828 24.8173
0.0122553 101.949 0.52151 24.3908 0.143482 0.0107744 24.7713
0.0123553 102.04 0.522133 24.3808 0.14338 0.0108659 24.7256
0.0124553 102.13 0.522752 24.3708 0.143278 0.0109575 24.6802
0.0125553 102.221 0.523369 24.3608 0.143177 0.0110491 24.6352
0.0126553 102.311 0.523984 24.3507 0.143076 0.0111406 24.5905
0.0127553 102.4 0.524596 24.3407 0.142975 0.0112322 24.5461
0.0128553 102.49 0.525206 24.3307 0.142874 0.0113238 24.502
0.0129553 102.579 0.525814 24.3207 0.142774 0.0114154 24.4583
0.0130553 102.668 0.526419 24.3107 0.142675 0.011507 24.4148
0.0131553 102.756 0.527022 24.3007 0.142575 0.0115986 24.3717
0.0132553 102.845 0.527623 24.2907 0.142476 0.0116902 24.3288
0.0133553 102.933 0.528221 24.2808 0.142377 0.0117818 24.2863
0.0134553 103.021 0.528818 24.2708 0.142278 0.0118735 24.244
0.0135553 103.108 0.529412 24.2608 0.14218 0.0119651 24.2021
0.0136553 103.196 0.530004 24.2508 0.142082 0.0120567 24.1604
0.0137553 103.283 0.530595 24.2408 0.141984 0.0121483 24.119
0.0138553 103.37 0.531183 24.2309 0.141887 0.01224 24.0778
0.0139553 103.457 0.531769 24.2209 0.14179 0.0123316 24.0369
0.0140553 103.544 0.532353 24.2109 0.141693 0.0124232 23.9963
0.0141553 103.63 0.532936 24.201 0.141596 0.0125149 23.956
0.0142553 103.716 0.533516 24.191 0.1415 0.0126065 23.9159
0.0143553 103.802 0.534095 24.1811 0.141403 0.0126982 23.8761
0.0144553 103.888 0.534672 24.1711 0.141307 0.0127898 23.8365
0.0145553 103.974 0.535247 24.1611 0.141212 0.0128815 23.7971
0.0146553 104.059 0.53582 24.1512 0.141116 0.0129731 23.758
0.0147553 104.145 0.536391 24.1412 0.141021 0.0130648 23.7192
0.0148553 104.23 0.536961 24.1313 0.140926 0.0131565 23.6805
0.0149553 104.315 0.537529 24.1213 0.140831 0.0132481 23.6421
0.0150553 104.4 0.538095 24.1114 0.140737 0.0133398 23.604
0.0151553 104.484 0.53866 24.1014 0.140643 0.0134314 23.566
0.0152553 104.569 0.539223 24.0915 0.140549 0.0135231 23.5283
0.0153553 104.653 0.539784 24.0815 0.140455 0.0136148 23.4908
0.0154553 104.737 0.540344 24.0715 0.140361 0.0137064 23.4535
0.0155553 104.821 0.540902 24.0616 0.140268 0.0137981 23.4164
0.0156553 104.905 0.541459 24.0516 0.140175 0.0138898 23.3795
0.0157553 104.989 0.542014 24.0417 0.140082 0.0139815 23.3429
0.0158553 105.072 0.542568 24.0317 0.139989 0.0140731 23.3064
0.0159553 105.156 0.543121 24.0217 0.139896 0.0141648 23.2702
0.0160553 105.239 0.543672 24.0118 0.139804 0.0142565 23.2341
0.0161553 105.322 0.544221 24.0018 0.139712 0.0143482 23.1982
0.0162553 105.405 0.544769 23.9918 0.13962 0.0144398 23.1626
0.0163553 105.488 0.545316 23.9819 0.139528 0.0145315 23.1271
0.0164553 105.571 0.545861 23.9719 0.139436 0.0146232 23.0918
0.0165553 105.653 0.546405 23.9619 0.139345 0.0147148 23.0567
0.0166553 105.736 0.546948 23.9519 0.139254 0.0148065 23.0218
0.0167553 105.818 0.547489 23.942 0.139162 0.0148982 22.987
0.0168553 105.901 0.54803 23.932 0.139072 0.0149899 22.9525
0.0169553 105.983 0.548569 23.922 0.138981 0.0150815 22.9181
0.0170553 106.065 0.549106 23.912 0.13889 0.0151732 22.8839
0.0171553 106.147 0.549643 23.902 0.1388 0.0152649 22.8498
0.0172553 106.229 0.550178 23.892 0.13871 0.0153565 22.8159
0.0173553 106.311 0.550712 23.882 0.138619 0.0154482 22.7822
0.0174553 106.392 0.551245 23.872 0.13853 0.0155399 22.7487
0.0175553 106.474 0.551777 23.862 0.13844 0.0156315 22.7153
0.0176553 106.555 0.552308 23.852 0.13835 0.0157232 22.6821
0.0177553 106.637 0.552837 23.842 0.138261 0.0158148 22.649
0.0178553 106.718 0.553366 23.8319 0.138171 0.0159065 22.6161
0.0179553 106.799 0.553893 23.8219 0.138082 0.0159982 22.5834
0.0180553 106.88 0.55442 23.8119 0.137993 0.0160898 22.5508
0.0181553 106.961 0.554945 23.8018 0.137904 0.0161815 22.5184
0.0182553 107.042 0.555469 23.7918 0.137816 0.0162731 22.4861
0.0183553 107.123 0.555993 23.7817 0.137727 0.0163648 22.4539
0.0184553 107.204 0.556515 23.7717 0.137639 0.0164564 22.4219
0.0185553 107.285 0.557036 23.7616 0.13755 0.016548 22.3901
0.0186553 107.365 0.557557 23.7515 0.137462 0.0166397 22.3583
0.0187553 107.446 0.558076 23.7415 0.137374 0.0167313 22.3268
0.0188553 107.526 0.558595 23.7314 0.137286 0.0168229 22.2953
0.0189553 107.607 0.559112 23.7213 0.137198 0.0169146 22.264
0.0190553 107.687 0.559629 23.7112 0.137111 0.0170062 22.2329
0.0191553 107.768 0.560145 23.7011 0.137023 0.0170978 22.2019
0.0192553 107.848 0.56066 23.691 0.136936 0.0171894 22.171
0.0193553 107.928 0.561174 23.6809 0.136849 0.017281 22.1402
0.0194553 108.008 0.561687 23.6708 0.136761 0.0173726 22.1096
0.0195553 108.089 0.562199 23.6606 0.136674 0.0174642 22.0791
0.0196553 108.169 0.562711 23.6505 0.136587 0.0175558 22.0487
0.0197553 108.249 0.563222 23.6403 0.136501 0.0176474 22.0184
0.0198553 108.329 0.563732 23.6302 0.136414 0.017739 21.9883
0.0199553 108.409 0.564241 23.62 0.136327 0.0178306 21.9583
0.0200553 108.489 0.564749 23.6099 0.136241 0.0179222 21.9284
0.0201553 108.568 0.565257 23.5997 0.136154 0.0180138 21.8986
0.0202553 108.648 0.565764 23.5895 0.136068 0.0181053 21.869
0.0203553 108.728 0.56627 23.5793 0.135982 0.0181969 21.8394
0.0204553 108.808 0.566775 23.5691 0.135896 0.0182885 21.81
0.0205553 108.887 0.56728 23.5589 0.13581 0.01838 21.7807
0.0206553 108.967 0.567784 23.5487 0.135724 0.0184716 21.7515
0.0207553 109.047 0.568288 23.5384 0.135638 0.0185631 21.7224
0.0208553 109.126 0.56879 23.5282 0.135552 0.0186547 21.6935
0.0209553 109.206 0.569293 23.5179 0.135467 0.0187462 21.6646
0.0210553 109.286 0.569794 23.5077 0.135381 0.0188377 21.6358
0.0211553 109.365 0.570295 23.4974 0.135296 0.0189293 21.6072
0.0212553 109.445 0.570795 23.4871 0.135211 0.0190208 21.5787
0.0213553 109.524 0.571294 23.4769 0.135125 0.0191123 21.5502
0.0214553 109.604 0.571793 23.4666 0.13504 0.0192038 21.5219
0.0215553 109.683 0.572292 23.4562 0.134955 0.0192953 21.4937
0.0216553 109.763 0.572789 23.4459 0.13487 0.0193868 21.4655
0.0217553 109.842 0.573287 23.4356 0.134785 0.0194783 21.4375
0.0218553 109.922 0.573783 23.4253 0.1347 0.0195698 21.4096
0.0219553 110.001 0.574279 23.4149 0.134616 0.0196613 21.3817
0.0220553 110.081 0.574775 23.4046 0.134531 0.0197527 21.354
0.0221553 110.16 0.57527 23.3942 0.134446 0.0198442 21.3264
0.0222553 110.24 0.575764 23.3838 0.134362 0.0199356 21.2988
0.0223553 110.319 0.576258 23.3734 0.134278 0.0200271 21.2714
0.0224553 110.399 0.576752 23.363 0.134193 0.0201185 21.244
0.0225553 110.478 0.577244 23.3526 0.134109 0.02021 21.2167
0.0226553 110.557 0.577737 23.3422 0.134025 0.0203014 21.1896
0.0227553 110.637 0.578229 23.3317 0.13394 0.0203928 21.1625
0.0228553 110.716 0.57872 23.3213 0.133856 0.0204842 21.1355
0.0229553 110.796 0.579211 23.3108 0.133772 0.0205756 21.1086
0.0230553 110.875 0.579702 23.3003 0.133688 0.020667 21.0818
0.0231553 110.955 0.580192 23.2899 0.133605 0.0207584 21.055
0.0232553 111.034 0.580682 23.2794 0.133521 0.0208498 21.0284
0.0233553 111.114 0.581171 23.2688 0.133437 0.0209412 21.0018
0.0234553 111.193 0.58166 23.2583 0.133353 0.0210325 20.9754
0.0235553 111.273 0.582149 23.2478 0.13327 0.0211239 20.949
0.0236553 111.353 0.582637 23.2372 0.133186 0.0212153 20.9227
0.0237553 111.432 0.583124 23.2267 0.133102 0.0213066 20.8964
0.0238553 111.512 0.583612 23.2161 0.133019 0.0213979 20.8703
0.0239553 111.591 0.584098 23.2055 0.132936 0.0214893 20.8442
0.0240553 111.671 0.584585 23.1949 0.132852 0.0215806 20.8182
0.0241553 111.751 0.585071 23.1843 0.132769 0.0216719 20.7923
0.0242553 111.83 0.585557 23.1737 0.132686 0.0217632 20.7665
0.0243553 111.91 0.586043 23.163 0.132602 0.0218545 20.7407
0.0244553 111.99 0.586528 23.1524 0.132519 0.0219458 20.7151
0.0245553 112.07 0.587013 23.1417 0.132436 0.022037 20.6895
0.0246553 112.15 0.587497 23.131 0.132353 0.0221283 20.6639
0.0247553 112.23 0.587981 23.1203 0.13227 0.0222195 20.6385
0.0248553 112.309 0.588465 23.1096 0.132187 0.0223108 20.6131
0.0249553 112.389 0.588949 23.0989 0.132104 0.022402 20.5878
0.0250553 112.469 0.589432 23.0882 0.132021 0.0224933 20.5626
0.0251553 112.549 0.589915 23.0774 0.131939 0.0225845 20.5374
0.0252553 112.63 0.590398 23.0666 0.131856 0.0226757 20.5123
0.0253553 112.71 0.59088 23.0559 0.131773 0.0227669 20.4873
0.0254553 112.79 0.591363 23.0451 0.13169 0.0228581 20.4623
0.0255553 112.87 0.591845 23.0343 0.131608 0.0229492 20.4375
0.0256553 112.95 0.592326 23.0234 0.131525 0.0230404 20.4126
0.0257553 113.031 0.592808 23.0126 0.131443 0.0231316 20.3879
0.0258553 113.111 0.593289 23.0017 0.13136 0.0232227 20.3632
0.0259553 113.191 0.59377 22.9909 0.131278 0.0233139 20.3386
0.0260553 113.272 0.594251 22.98 0.131195 0.023405 20.3141
0.0261553 113.352 0.594731 22.9691 0.131113 0.0234961 20.2896
0.0262553 113.433 0.595212 22.9582 0.13103 0.0235872 20.2652
0.0263553 113.514 0.595692 22.9472 0.130948 0.0236783 20.2408
0.0264553 113.594 0.596172 22.9363 0.130866 0.0237694 20.2165
0.0265553 113.675 0.596651 22.9253 0.130783 0.0238605 20.1923
0.0266553 113.756 0.597131 22.9143 0.130701 0.0239515 20.1681
0.0267553 113.837 0.59761 22.9033 0.130619 0.0240426 20.144
0.0268553 113.918 0.59809 22.8923 0.130537 0.0241336 20.12
0.0269553 113.999 0.598569 22.8813 0.130454 0.0242247 20.096
0.0270553 114.08 0.599047 22.8703 0.130372 0.0243157 20.0721
0.0271553 114.161 0.599526 22.8592 0.13029 0.0244067 20.0482
0.0272553 114.242 0.600005 22.8481 0.130208 0.0244977 20.0244
0.0273553 114.323 0.600483 22.837 0.130126 0.0245887 20.0007
0.0274553 114.405 0.600961 22.8259 0.130044 0.0246797 19.977
0.0275553 114.486 0.60144 22.8148 0.129962 0.0247706 19.9534
0.0276553 114.567 0.601918 22.8036 0.12988 0.0248616 19.9298
0.0277553 114.649 0.602396 22.7925 0.129798 0.0249525 19.9063
0.0278553 114.731 0.602873 22.7813 0.129716 0.0250435 19.8828
0.0279553 114.812 0.603351 22.7701 0.129634 0.0251344 19.8594
0.0280553 114.894 0.603829 22.7589 0.129552 0.0252253 19.8361
0.0281553 114.976 0.604306 22.7477 0.12947 0.0253162 19.8128
0.0282553 115.058 0.604783 22.7364 0.129389 0.0254071 19.7896
0.0283553 115.14 0.605261 22.7252 0.129307 0.025498 19.7664
0.0284553 115.222 0.605738 22.7139 0.129225 0.0255888 19.7432
0.0285553 115.304 0.606215 22.7026 0.129143 0.0256797 19.7202
0.0286553 115.387 0.606692 22.6912 0.129061 0.0257705 19.6971
0.0287553 115.469 0.607169 22.6799 0.12898 0.0258613 19.6742
0.0288553 115.552 0.607646 22.6686 0.128898 0.0259521 19.6513
0.0289553 115.634 0.608123 22.6572 0.128816 0.0260429 19.6284
0.0290553 115.717 0.608599 22.6458 0.128734 0.0261337 19.6056
0.0291553 115.799 0.609076 22.6344 0.128653 0.0262245 19.5828
0.0292553 115.882 0.609553 22.623 0.128571 0.0263153 19.5601
0.0293553 115.965 0.61003 22.6115 0.128489 0.026406 19.5374
0.0294553 116.048 0.610506 22.6001 0.128408 0.0264967 19.5148
0.0295553 116.131 0.610983 22.5886 0.128326 0.0265875 19.4922
0.0296553 116.215 0.611459 22.5771 0.128245 0.0266782 19.4697
0.0297553 116.298 0.611936 22.5655 0.128163 0.0267689 19.4472
0.0298553 116.381 0.612412 22.554 0.128081 0.0268595 19.4248
0.0299553 116.465 0.612889 22.5425 0.128 0.0269502 19.4024
0.0300553 116.549 0.613365 22.5309 0.127918 0.0270409 19.3801
0.0301553 116.632 0.613842 22.5193 0.127837 0.0271315 19.3578
0.0302553 116.716 0.614318 22.5077 0.127755 0.0272222 19.3356
0.0303553 116.8 0.614795 22.496 0.127674 0.0273128 19.3134
0.0304553 116.884 0.615271 22.4844 0.127592 0.0274034 19.2913
0.0305553 116.968 0.615748 22.4727 0.127511 0.027494 19.2692
0.0306553 117.053 0.616224 22.461 0.127429 0.0275845 19.2471
0.0307553 117.137 0.616701 22.4493 0.127348 0.0276751 19.2251
0.0308553 117.222 0.617177 22.4376 0.127266 0.0277657 19.2031
0.0309553 117.306 0.617654 22.4258 0.127185 0.0278562 19.1812
0.0310553 117.391 0.618131 22.414 0.127103 0.0279467 19.1593
0.0311553 117.476 0.618607 22.4023 0.127022 0.0280372 19.1375
0.0312553 117.561 0.619084 22.3904 0.12694 0.0281277 19.1157
0.0313553 117.646 0.619561 22.3786 0.126859 0.0282182 19.094
0.0314553 117.731 0.620038 22.3668 0.126777 0.0283087 19.0723
0.0315553 117.817 0.620514 22.3549 0.126696 0.0283991 19.0506
0.0316553 117.902 0.620991 22.343 0.126614 0.0284895 19.029
0.0317553 117.988 0.621468 22.3311 0.126533 0.02858 19.0074
0.0318553 118.074 0.621945 22.3192 0.126451 0.0286704 18.9859
0.0319553 118.16 0.622422 22.3072 0.12637 0.0287608 18.9644
0.0320553 118.246 0.6229 22.2952 0.126289 0.0288512 18.9429
0.0321553 118.332 0.623377 22.2832 0.126207 0.0289415 18.9215
0.0322553 118.418 0.623854 22.2712 0.126126 0.0290319 18.9001
0.0323553 118.504 0.624332 22.2592 0.126044 0.0291222 18.8788
0.0324553 118.591 0.624809 22.2471 0.125963 0.0292125 18.8575
0.0325553 118.678 0.625287 22.2351 0.125881 0.0293028 18.8362
0.0326553 118.765 0.625764 22.223 0.1258 0.0293931 18.815
0.0327553 118.852 0.626242 22.2108 0.125719 0.0294834 18.7938
0.0328553 118.939 0.62672 22.1987 0.125637 0.0295737 18.7727
0.0329553 119.026 0.627198 22.1865 0.125556 0.0296639 18.7516
0.0330553 119.113 0.627676 22.1743 0.125474 0.0297541 18.7305
0.0331553 119.201 0.628155 22.1621 0.125393 0.0298444 18.7095
0.0332553 119.289 0.628633 22.1499 0.125311 0.0299346 18.6885
0.0333553 119.376 0.629111 22.1377 0.12523 0.0300247 18.6675
0.0334553 119.464 0.62959 22.1254 0.125149 0.0301149 18.6466
0.0335553 119.553 0.630069 22.1131 0.125067 0.0302051 18.6257
0.0336553 119.641 0.630547 22.1008 0.124986 0.0302952 18.6049
0.0337553 119.729 0.631026 22.0885 0.124904 0.0303853 18.5841
0.0338553 119.818 0.631506 22.0761 0.124823 0.0304754 18.5633
0.0339553 119.907 0.631985 22.0637 0.124741 0.0305655 18.5425
0.0340553 119.996 0.632464 22.0513 0.12466 0.0306556 18.5218
0.0341553 120.085 0.632944 22.0389 0.124579 0.0307457 18.5012
0.0342553 120.174 0.633423 22.0265 0.124497 0.0308357 18.4805
0.0343553 120.263 0.633903 22.014 0.124416 0.0309257 18.4599
0.0344553 120.353 0.634383 22.0015 0.124334 0.0310158 18.4394
0.0345553 120.443 0.634863 21.989 0.124253 0.0311058 18.4188
0.0346553 120.533 0.635344 21.9765 0.124171 0.0311957 18.3983
0.0347553 120.623 0.635824 21.9639 0.12409 0.0312857 18.3779
0.0348553 120.713 0.636305 21.9513 0.124008 0.0313756 18.3574
0.0349553 120.803 0.636786 21.9387 0.123927 0.0314656 18.337
0.0350553 120.894 0.637267 21.9261 0.123845 0.0315555 18.3167
0.0351553 120.985 0.637748 21.9135 0.123764 0.0316454 18.2964
0.0352553 121.076 0.638229 21.9008 0.123682 0.0317353 18.2761
0.0353553 121.167 0.638711 21.8881 0.123601 0.0318251 18.2558
0.0354553 121.258 0.639192 21.8754 0.123519 0.031915 18.2356
0.0355553 121.349 0.639674 21.8627 0.123438 0.0320048 18.2154
0.0356553 121.441 0.640156 21.8499 0.123356 0.0320947 18.1952
0.0357553 121.533 0.640638 21.8371 0.123275 0.0321845 18.175
0.0358553 121.625 0.641121 21.8243 0.123193 0.0322742 18.1549
0.0359553 121.717 0.641604 21.8115 0.123112 0.032364 18.1349
0.0360553 121.81 0.642086 21.7986 0.12303 0.0324538 18.1148
0.0361553 121.902 0.642569 21.7858 0.122949 0.0325435 18.0948
0.0362553 121.995 0.643053 21.7729 0.122867 0.0326332 18.0748
0.0363553 122.088 0.643536 21.76 0.122786 0.0327229 18.0549
0.0364553 122.181 0.64402 21.747 0.122704 0.0328126 18.035
0.0365553 122.274 0.644504 21.7341 0.122623 0.0329023 18.0151
0.0366553 122.368 0.644988 21.7211 0.122541 0.0329919 17.9952
0.0367553 122.462 0.645472 21.7081 0.122459 0.0330815 17.9754
0.0368553 122.556 0.645957 21.695 0.122378 0.0331712 17.9556
0.0369553 122.65 0.646442 21.682 0.122296 0.0332607 17.9358
0.0370553 122.744 0.646927 21.6689 0.122215 0.0333503 17.916
0.0371553 122.839 0.647412 21.6558 0.122133 0.0334399 17.8963
0.0372553 122.934 0.647897 21.6426 0.122051 0.0335294 17.8766
0.0373553 123.029 0.648383 21.6295 0.12197 0.033619 17.857
0.0374553 123.124 0.648869 21.6163 0.121888 0.0337085 17.8374
0.0375553 123.219 0.649355 21.6031 0.121806 0.033798 17.8178
0.0376553 123.315 0.649842 21.5899 0.121725 0.0338874 17.7982
0.0377553 123.411 0.650328 21.5766 0.121643 0.0339769 17.7786
0.0378553 123.507 0.650815 21.5634 0.121561 0.0340663 17.7591
0.0379553 123.603 0.651302 21.5501 0.12148 0.0341558 17.7396
0.0380553 123.7 0.65179 21.5367 0.121398 0.0342452 17.7202
0.0381553 123.796 0.652277 21.5234 0.121316 0.0343346 17.7008
0.0382553 123.893 0.652765 21.51 0.121235 0.0344239 17.6813
0.0383553 123.991 0.653254 21.4966 0.121153 0.0345133 17.662
0.0384553 124.088 0.653742 21.4832 0.121071 0.0346026 17.6426
0.0385553 124.186 0.654231 21.4698 0.12099 0.0346919 17.6233
0.0386553 124.283 0.65472 21.4563 0.120908 0.0347812 17.604
0.0387553 124.382 0.655209 21.4428 0.120826 0.0348705 17.5847
0.0388553 124.48 0.655698 21.4293 0.120744 0.0349598 17.5655
0.0389553 124.579 0.656188 21.4158 0.120663 0.035049 17.5463
0.0390553 124.677 0.656678 21.4022 0.120581 0.0351382 17.5271
0.0391553 124.776 0.657169 21.3886 0.120499 0.0352274 17.5079
0.0392553 124.876 0.657659 21.375 0.120417 0.0353166 17.4888
0.0393553 124.975 0.65815 21.3614 0.120335 0.0354058 17.4697
0.0394553 125.075 0.658641 21.3477 0.120254 0.0354949 17.4506
0.0395553 125.175 0.659133 21.3341 0.120172 0.0355841 17.4315
0.0396553 125.275 0.659624 21.3204 0.12009 0.0356732 17.4125
0.0397553 125.376 0.660116 21.3066 0.120008 0.0357623 17.3934
0.0398553 125.477 0.660609 21.2929 0.119926 0.0358514 17.3745
0.0399553 125.578 0.661101 21.2791 0.119845 0.0359404 17.3555
0.0400553 125.679 0.661594 21.2653 0.119763 0.0360295 17.3366
0.0401553 125.781 0.662087 21.2515 0.119681 0.0361185 17.3177
0.0402553 125.883 0.662581 21.2376 0.119599 0.0362075 17.2988
0.0403553 125.985 0.663075 21.2237 0.119517 0.0362965 17.2799
0.0404553 126.087 0.663569 21.2098 0.119435 0.0363854 17.2611
0.0405553 126.19 0.664063 21.1959 0.119353 0.0364744 17.2422
0.0406553 126.293 0.664558 21.182 0.119272 0.0365633 17.2235
0.0407553 126.396 0.665053 21.168 0.11919 0.0366522 17.2047
0.0408553 126.5 0.665548 21.154 0.119108 0.0367411 17.1859
0.0409553 126.603 0.666044 21.14 0.119026 0.03683 17.1672
0.0410553 126.707 0.66654 21.1259 0.118944 0.0369188 17.1485
0.0411553 126.812 0.667036 21.1119 0.118862 0.0370076 17.1299
0.0412553 126.916 0.667533 21.0978 0.11878 0.0370965 17.1112
0.0413553 127.021 0.66803 21.0836 0.118698 0.0371852 17.0926
0.0414553 127.126 0.668527 21.0695 0.118616 0.037274 17.074
0.0415553 127.232 0.669024 21.0553 0.118534 0.0373628 17.0554
0.0416553 127.338 0.669522 21.0411 0.118452 0.0374515 17.0369
0.0417553 127.444 0.67002 21.0269 0.11837 0.0375402 17.0183
0.0418553 127.55 0.670519 21.0127 0.118288 0.0376289 16.9998
0.0419553 127.657 0.671018 20.9984 0.118206 0.0377176 16.9813
0.0420553 127.764 0.671517 20.9841 0.118124 0.0378063 16.9629
0.0421553 127.871 0.672016 20.9698 0.118042 0.0378949 16.9444
0.0422553 127.979 0.672516 20.9555 0.11796 0.0379835 16.926
0.0423553 128.086 0.673016 20.9411 0.117878 0.0380721 16.9076
0.0424553 128.195 0.673517 20.9267 0.117796 0.0381607 16.8892
0.0425553 128.303 0.674018 20.9123 0.117714 0.0382493 16.8709
0.0426553 128.412 0.674519 20.8979 0.117632 0.0383378 16.8526
0.0427553 128.521 0.67502 20.8834 0.11755 0.0384263 16.8342
0.0428553 128.631 0.675522 20.8689 0.117468 0.0385148 16.816
0.0429553 128.741 0.676024 20.8544 0.117386 0.0386033 16.7977
0.0430553 128.851 0.676527 20.8399 0.117304 0.0386918 16.7795
0.0431553 128.961 0.67703 20.8253 0.117222 0.0387802 16.7612
0.0432553 129.072 0.677533 20.8107 0.11714 0.0388686 16.743
0.0433553 129.183 0.678036 20.7961 0.117058 0.038957 16.7249
0.0434553 129.295 0.67854 20.7815 0.116976 0.0390454 16.7067
0.0435553 129.406 0.679045 20.7668 0.116894 0.0391338 16.6886
0.0436553 129.519 0.679549 20.7522 0.116812 0.0392221 16.6705
0.0437553 129.631 0.680054 20.7375 0.11673 0.0393105 16.6524
0.0438553 129.744 0.68056 20.7227 0.116648 0.0393988 16.6343
0.0439553 129.857 0.681065 20.708 0.116566 0.039487 16.6162
0.0440553 129.971 0.681571 20.6932 0.116484 0.0395753 16.5982
0.0441553 130.085 0.682078 20.6784 0.116402 0.0396635 16.5802
0.0442553 130.199 0.682585 20.6636 0.11632 0.0397518 16.5622
0.0443553 130.314 0.683092 20.6488 0.116238 0.03984 16.5443
0.0444553 130.429 0.683599 20.6339 0.116156 0.0399282 16.5263
0.0445553 130.544 0.684107 20.619 0.116074 0.0400163 16.5084
0.0446553 130.66 0.684615 20.6041 0.115992 0.0401045 16.4905
0.0447553 130.776 0.685124 20.5891 0.11591 0.0401926 16.4726
0.0448553 130.893 0.685633 20.5742 0.115828 0.0402807 16.4547
0.0449553 131.01 0.686142 20.5592 0.115745 0.0403688 16.4369
0.0450553 131.127 0.686652 20.5442 0.115663 0.0404568 16.4191
0.0451553 131.245 0.687162 20.5292 0.115581 0.0405449 16.4013
0.0452553 131.363 0.687673 20.5141 0.115499 0.0406329 16.3835
0.0453553 131.481 0.688184 20.499 0.115417 0.0407209 16.3657
0.0454553 131.6 0.688695 20.4839 0.115335 0.0408089 16.348
0.0455553 131.72 0.689206 20.4688 0.115253 0.0408968 16.3303
0.0456553 131.839 0.689718 20.4536 0.115171 0.0409848 16.3126
0.0457553 131.959 0.690231 20.4385 0.115089 0.0410727 16.2949
0.0458553 132.08 0.690743 20.4233 0.115007 0.0411606 16.2772
0.0459553 132.201 0.691256 20.4081 0.114925 0.0412485 16.2596
0.0460553 132.322 0.69177 20.3928 0.114843 0.0413363 16.2419
0.0461553 132.444 0.692284 20.3776 0.114761 0.0414241 16.2243
0.0462553 132.566 0.692798 20.3623 0.114679 0.041512 16.2068
0.0463553 132.689 0.693313 20.347 0.114597 0.0415998 16.1892
0.0464553 132.812 0.693828 20.3317 0.114515 0.0416875 16.1716
0.0465553 132.935 0.694343 20.3163 0.114433 0.0417753 16.1541
0.0466553 133.059 0.694859 20.3009 0.114351 0.041863 16.1366
0.0467553 133.184 0.695375 20.2855 0.114269 0.0419507 16.1191
0.0468553 133.309 0.695892 20.2701 0.114187 0.0420384 16.1017
0.0469553 133.434 0.696409 20.2547 0.114105 0.0421261 16.0842
0.0470553 133.56 0.696926 20.2392 0.114023 0.0422137 16.0668
0.0471553 133.686 0.697444 20.2238 0.113941 0.0423014 16.0494
0.0472553 133.813 0.697962 20.2083 0.11386 0.042389 16.032
0.0473553 133.94 0.698481 20.1927 0.113778 0.0424766 16.0146
0.0474553 134.068 0.698999 20.1772 0.113696 0.0425641 15.9973
0.0475553 134.196 0.699519 20.1616 0.113614 0.0426517 15.9799
0.0476553 134.324 0.700039 20.146 0.113532 0.0427392 15.9626
0.0477553 134.453 0.700559 20.1304 0.11345 0.0428267 15.9453
0.0478553 134.583 0.701079 20.1148 0.113368 0.0429142 15.928
0.0479553 134.713 0.7016 20.0992 0.113286 0.0430017 15.9108
0.0480553 134.844 0.702121 20.0835 0.113205 0.0430891 15.8936
0.0481553 134.975 0.702643 20.0678 0.113123 0.0431765 15.8763
0.0482553 135.106 0.703165 20.0521 0.113041 0.0432639 15.8591
0.0483553 135.238 0.703688 20.0364 0.112959 0.0433513 15.842
0.0484553 135.371 0.704211 20.0206 0.112877 0.0434387 15.8248
0.0485553 135.504 0.704734 20.0049 0.112796 0.043526 15.8076
0.0486553 135.638 0.705258 19.9891 0.112714 0.0436133 15.7905
0.0487553 135.772 0.705782 19.9733 0.112632 0.0437006 15.7734
0.0488553 135.907 0.706306 19.9575 0.11255 0.0437879 15.7563
0.0489553 136.042 0.706831 19.9416 0.112469 0.0438751 15.7393
0.0490553 136.178 0.707356 19.9258 0.112387 0.0439624 15.7222
0.0491553 136.314 0.707882 19.9099 0.112305 0.0440496 15.7052
0.0492553 136.451 0.708408 19.894 0.112224 0.0441368 15.6882
0.0493553 136.588 0.708935 19.8781 0.112142 0.0442239 15.6712
0.0494553 136.726 0.709462 19.8621 0.11206 0.0443111 15.6542
0.0495553 136.865 0.709989 19.8462 0.111979 0.0443982 15.6372
0.0496553 137.004 0.710517 19.8302 0.111897 0.0444853 15.6203
0.0497553 137.144 0.711045 19.8142 0.111816 0.0445724 15.6034
0.0498553 137.284 0.711574 19.7982 0.111734 0.0446594 15.5865
0.0499553 137.425 0.712103 19.7822 0.111653 0.0447465 15.5696
0.0500553 137.567 0.712632 19.7661 0.111571 0.0448335 15.5527
0.0501553 137.709 0.713162 19.7501 0.11149 0.0449205 15.5359
0.0502553 137.852 0.713692 19.734 0.111408 0.0450075 15.5191
0.0503553 137.995 0.714223 19.7179 0.111327 0.0450944 15.5023
0.0504553 138.139 0.714754 19.7018 0.111246 0.0451814 15.4855
0.0505553 138.284 0.715285 19.6857 0.111164 0.0452683 15.4687
0.0506553 138.429 0.715817 19.6696 0.111083 0.0453552 15.452
0.0507553 138.575 0.716349 19.6534 0.111002 0.0454421 15.4352
0.0508553 138.721 0.716882 19.6373 0.11092 0.0455289 15.4185
0.0509553 138.868 0.717415 19.6211 0.110839 0.0456157 15.4018
0.0510553 139.016 0.717948 19.6049 0.110758 0.0457025 15.3851
0.0511553 139.165 0.718482 19.5887 0.110677 0.0457893 15.3685
0.0512553 139.314 0.719016 19.5724 0.110596 0.0458761 15.3518
0.0513553 139.464 0.719551 19.5562 0.110514 0.0459628 15.3352
0.0514553 139.614 0.720086 19.54 0.110433 0.0460496 15.3186
0.0515553 139.765 0.720622 19.5237 0.110352 0.0461363 15.302
0.0516553 139.917 0.721158 19.5074 0.110271 0.0462229 15.2855
0.0517553 140.07 0.721694 19.4911 0.11019 0.0463096 15.2689
0.0518553 140.223 0.722231 19.4748 0.110109 0.0463962 15.2524
0.0519553 140.377 0.722768 19.4585 0.110028 0.0464829 15.2359
0.0520553 140.532 0.723306 19.4422 0.109947 0.0465695 15.2194
0.0521553 140.687 0.723844 19.4258 0.109867 0.046656 15.2029
0.0522553 140.843 0.724382 19.4095 0.109786 0.0467426 15.1865
0.0523553 141 0.724921 19.3931 0.109705 0.0468291 15.17
0.0524553 141.158 0.72546 19.3768 0.109624 0.0469156 15.1536
0.0525553 141.316 0.726 19.3604 0.109543 0.0470021 15.1372
0.0526553 141.476 0.72654 19.344 0.109463 0.0470886 15.1209
0.0527553 141.636 0.72708 19.3276 0.109382 0.047175 15.1045
0.0528553 141.796 0.727621 19.3112 0.109302 0.0472615 15.0882
0.0529553 141.958 0.728162 19.2948 0.109221 0.0473479 15.0718
0.0530553 142.12 0.728704 19.2783 0.109141 0.0474342 15.0555
0.0531553 142.283 0.729246 19.2619 0.10906 0.0475206 15.0393
0.0532553 142.447 0.729788 19.2455 0.10898 0.047607 15.023
0.0533553 142.612 0.730331 19.229 0.108899 0.0476933 15.0068
0.0534553 142.778 0.730875 19.2125 0.108819 0.0477796 14.9905
0.0535553 142.944 0.731418 19.1961 0.108739 0.0478658 14.9743
0.0536553 143.111 0.731962 19.1796 0.108658 0.0479521 14.9582
0.0537553 143.279 0.732507 19.1631 0.108578 0.0480383 14.942
0.0538553 143.448 0.733052 19.1467 0.108498 0.0481246 14.9258
0.0539553 143.618 0.733597 19.1302 0.108418 0.0482107 14.9097
0.0540553 143.789 0.734143 19.1137 0.108338 0.0482969 14.8936
0.0541553 143.961 0.734689 19.0972 0.108258 0.0483831 14.8775
0.0542553 144.133 0.735236 19.0807 0.108178 0.0484692 14.8615
0.0543553 144.307 0.735783 19.0642 0.108098 0.0485553 14.8454
0.0544553 144.481 0.73633 19.0477 0.108018 0.0486414 14.8294
0.0545553 144.656 0.736878 19.0312 0.107938 0.0487275 14.8134
0.0546553 144.833 0.737426 19.0146 0.107859 0.0488135 14.7974
0.0547553 145.01 0.737974 18.9981 0.107779 0.0488995 14.7814
0.0548553 145.188 0.738523 18.9816 0.107699 0.0489855 14.7655
0.0549553 145.367 0.739073 18.9651 0.10762 0.0490715 14.7496
0.0550553 145.547 0.739622 18.9486 0.10754 0.0491575 14.7337
0.0551553 145.728 0.740173 18.9321 0.107461 0.0492434 14.7178
0.0552553 145.91 0.740723 18.9156 0.107381 0.0493293 14.7019
0.0553553 146.093 0.741274 18.899 0.107302 0.0494152 14.6861
0.0554553 146.277 0.741825 18.8825 0.107222 0.0495011 14.6703
0.0555553 146.462 0.742377 18.866 0.107143 0.049587 14.6545
0.0556553 146.649 0.742929 18.8495 0.107064 0.0496728 14.6387
0.0557553 146.836 0.743482 18.833 0.106985 0.0497586 14.6229
0.0558553 147.024 0.744035 18.8165 0.106906 0.0498444 14.6072
0.0559553 147.213 0.744588 18.8 0.106827 0.0499302 14.5915
0.0560553 147.404 0.745142 18.7835 0.106748 0.0500159 14.5758
0.0561553 147.595 0.745696 18.7671 0.106669 0.0501017 14.5601
0.0562553 147.788 0.74625 18.7506 0.10659 0.0501874 14.5444
0.0563553 147.982 0.746805 18.7341 0.106512 0.050273 14.5288
0.0564553 148.177 0.747361 18.7177 0.106433 0.0503587 14.5132
0.0565553 148.373 0.747916 18.7012 0.106354 0.0504444 14.4976
0.0566553 148.57 0.748472 18.6848 0.106276 0.05053 14.482
0.0567553 148.769 0.749029 18.6683 0.106197 0.0506156 14.4665
0.0568553 148.968 0.749585 18.6519 0.106119 0.0507012 14.451
0.0569553 149.169 0.750143 18.6355 0.106041 0.0507867 14.4355
0.0570553 149.371 0.7507 18.6191 0.105962 0.0508723 14.42
0.0571553 149.574 0.751258 18.6027 0.105884 0.0509578 14.4045
0.0572553 149.779 0.751817 18.5863 0.105806 0.0510433 14.3891
0.0573553 149.984 0.752375 18.5699 0.105728 0.0511288 14.3737
0.0574553 150.192 0.752934 18.5536 0.10565 0.0512142 14.3583
0.0575553 150.4 0.753494 18.5372 0.105572 0.0512997 14.3429
0.0576553 150.609 0.754054 18.5209 0.105494 0.0513851 14.3276
0.0577553 150.82 0.754614 18.5046 0.105417 0.0514705 14.3123
0.0578553 151.033 0.755175 18.4883 0.105339 0.0515559 14.297
0.0579553 151.246 0.755736 18.472 0.105261 0.0516412 14.2817
0.0580553 151.461 0.756297 18.4558 0.105184 0.0517266 14.2665
0.0581553 151.678 0.756859 18.4396 0.105107 0.0518119 14.2513
0.0582553 151.895 0.757421 18.4233 0.105029 0.0518972 14.2361
0.0583553 152.115 0.757983 18.4072 0.104952 0.0519824 14.2209
0.0584553 152.335 0.758546 18.391 0.104875 0.0520677 14.2057
0.0585553 152.557 0.759109 18.3748 0.104798 0.0521529 14.1906
0.0586553 152.781 0.759673 18.3587 0.104721 0.0522381 14.1755
0.0587553 153.006 0.760237 18.3426 0.104644 0.0523233 14.1605
0.0588553 153.232 0.760801 18.3265 0.104567 0.0524085 14.1454
0.0589553 153.461 0.761366 18.3105 0.10449 0.0524937 14.1304
0.0590553 153.69 0.761931 18.2945 0.104414 0.0525788 14.1154
0.0591553 153.921 0.762496 18.2785 0.104337 0.0526639 14.1004
0.0592553 154.154 0.763062 18.2625 0.104261 0.052749 14.0855
0.0593553 154.388 0.763628 18.2466 0.104184 0.0528341 14.0705
0.0594553 154.624 0.764194 18.2306 0.104108 0.0529191 14.0557
0.0595553 154.862 0.764761 18.2148 0.104032 0.0530041 14.0408
0.0596553 155.101 0.765328 18.1989 0.103956 0.0530892 14.0259
0.0597553 155.342 0.765895 18.1831 0.10388 0.0531741 14.0111
0.0598553 155.584 0.766463 18.1673 0.103804 0.0532591 13.9963
0.0599553 155.829 0.767031 18.1516 0.103728 0.0533441 13.9816
0.0600553 156.075 0.7676 18.1359 0.103652 0.053429 13.9669
0.0601553 156.323 0.768169 18.1202 0.103577 0.0535139 13.9522
0.0602553 156.572 0.768738 18.1046 0.103501 0.0535988 13.9375
0.0603553 156.824 0.769308 18.089 0.103426 0.0536837 13.9228
0.0604553 157.077 0.769877 18.0735 0.103351 0.0537685 13.9082
0.0605553 157.332 0.770448 18.058 0.103275 0.0538533 13.8936
0.0606553 157.589 0.771018 18.0425 0.1032 0.0539381 13.8791
0.0607553 157.848 0.771589 18.0271 0.103125 0.0540229 13.8645
0.0608553 158.109 0.77216 18.0117 0.10305 0.0541077 13.85
0.0609553 158.371 0.772732 17.9964 0.102976 0.0541925 13.8356
0.0610553 158.636 0.773304 17.9811 0.102901 0.0542772 13.8211
0.0611553 158.903 0.773876 17.9659 0.102826 0.0543619 13.8067
0.0612553 159.172 0.774448 17.9507 0.102752 0.0544466 13.7923
0.0613553 159.443 0.775021 17.9356 0.102677 0.0545313 13.778
0.0614553 159.715 0.775594 17.9205 0.102603 0.0546159 13.7637
0.0615553 159.99 0.776168 17.9055 0.102529 0.0547005 13.7494
0.0616553 160.268 0.776742 17.8905 0.102455 0.0547851 13.7351
0.0617553 160.547 0.777316 17.8756 0.102381 0.0548697 13.7209
0.0618553 160.829 0.77789 17.8608 0.102307 0.0549543 13.7067
0.0619553 161.112 0.778465 17.846 0.102234 0.0550389 13.6926
0.0620553 161.398 0.77904 17.8313 0.10216 0.0551234 13.6784
0.0621553 161.687 0.779615 17.8166 0.102086 0.0552079 13.6644
0.0622553 161.977 0.780191 17.802 0.102013 0.0552924 13.6503
0.0623553 162.27 0.780767 17.7875 0.10194 0.0553769 13.6363
0.0624553 162.566 0.781343 17.773 0.101867 0.0554613 13.6223
0.0625553 162.863 0.78192 17.7586 0.101794 0.0555458 13.6083
0.0626553 163.164 0.782497 17.7443 0.101721 0.0556302 13.5944
0.0627553 163.466 0.783074 17.73 0.101648 0.0557146 13.5805
0.0628553 163.772 0.783652 17.7159 0.101575 0.055799 13.5667
0.0629553 164.079 0.784229 17.7017 0.101503 0.0558833 13.5529
0.0630553 164.39 0.784808 17.6877 0.101431 0.0559677 13.5391
0.0631553 164.703 0.785386 17.6738 0.101358 0.056052 13.5254
0.0632553 165.019 0.785965 17.6599 0.101286 0.0561363 13.5117
0.0633553 165.337 0.786544 17.6461 0.101214 0.0562206 13.498
0.0634553 165.658 0.787123 17.6324 0.101142 0.0563048 13.4844
0.0635553 165.982 0.787702 17.6188 0.10107 0.0563891 13.4708
0.0636553 166.309 0.788282 17.6052 0.100999 0.0564733 13.4573
0.0637553 166.638 0.788862 17.5918 0.100927 0.0565575 13.4438
0.0638553 166.971 0.789443 17.5785 0.100856 0.0566417 13.4303
0.0639553 167.306 0.790023 17.5652 0.100784 0.0567259 13.4169
0.0640553 167.645 0.790604 17.552 0.100713 0.05681 13.4035
0.0641553 167.986 0.791186 17.539 0.100642 0.0568942 13.3901
0.0642553 168.331 0.791767 17.526 0.100571 0.0569783 13.3768
0.0643553 168.679 0.792349 17.5131 0.100501 0.0570624 13.3636
0.0644553 169.029 0.792931 17.5004 0.10043 0.0571464 13.3504
0.0645553 169.383 0.793513 17.4877 0.10036 0.0572305 13.3372
0.0646553 169.741 0.794096 17.4752 0.100289 0.0573145 13.3241
0.0647553 170.102 0.794679 17.4627 0.100219 0.0573985 13.311
0.0648553 170.466 0.795262 17.4504 0.100149 0.0574825 13.298
0.0649553 170.833 0.795845 17.4382 0.100079 0.0575665 13.285
0.0650553 171.204 0.796429 17.4261 0.100009 0.0576505 13.272
0.0651553 171.579 0.797013 17.4141 0.0999394 0.0577344 13.2591
0.0652553 171.957 0.797597 17.4023 0.0998698 0.0578184 13.2463
0.0653553 172.338 0.798181 17.3905 0.0998004 0.0579023 13.2335
0.0654553 172.724 0.798766 17.3789 0.0997311 0.0579861 13.2207
0.0655553 173.113 0.799351 17.3675 0.099662 0.05807 13.208
0.0656553 173.506 0.799936 17.3561 0.099593 0.0581539 13.1953
0.0657553 173.903 0.800522 17.3449 0.0995242 0.0582377 13.1827
0.0658553 174.303 0.801107 17.3338 0.0994554 0.0583215 13.1702
0.0659553 174.708 0.801693 17.3229 0.0993869 0.0584053 13.1577
0.0660553 175.117 0.802279 17.3121 0.0993184 0.0584891 13.1452
0.0661553 175.53 0.802866 17.3015 0.0992502 0.0585729 13.1328
0.0662553 175.947 0.803453 17.291 0.099182 0.0586566 13.1204
0.0663553 176.369 0.804039 17.2807 0.099114 0.0587403 13.1082
0.0664553 176.794 0.804627 17.2705 0.0990461 0.058824 13.0959
0.0665553 177.225 0.805214 17.2604 0.0989784 0.0589077 13.0837
0.0666553 177.659 0.805802 17.2506 0.0989108 0.0589914 13.0716
0.0667553 178.098 0.806389 17.2409 0.0988434 0.059075 13.0595
0.0668553 178.542 0.806978 17.2313 0.0987761 0.0591587 13.0475
0.0669553 178.991 0.807566 17.222 0.098709 0.0592423 13.0356
0.0670553 179.444 0.808154 17.2128 0.098642 0.0593259 13.0237
0.0671553 179.902 0.808743 17.2038 0.0985752 0.0594094 13.0118
0.0672553 180.366 0.809332 17.1949 0.0985085 0.059493 13.0001
0.0673553 180.834 0.809921 17.1863 0.0984419 0.0595765 12.9883
0.0674553 181.307 0.810511 17.1778 0.0983755 0.0596601 12.9767
0.0675553 181.785 0.811101 17.1696 0.0983092 0.0597436 12.9651
0.0676553 182.269 0.811691 17.1615 0.0982431 0.0598271 12.9536
0.0677553 182.759 0.812281 17.1536 0.0981772 0.0599105 12.9421
0.0678553 183.253 0.812871 17.146 0.0981114 0.059994 12.9307
0.0679553 183.753 0.813462 17.1385 0.0980457 0.0600774 12.9194
0.0680553 184.259 0.814053 17.1313 0.0979802 0.0601608 12.9081
0.0681553 184.771 0.814644 17.1243 0.0979148 0.0602442 12.897
0.0682553 185.289 0.815235 17.1175 0.0978496 0.0603276 12.8858
0.0683553 185.812 0.815826 17.1109 0.0977846 0.060411 12.8748
0.0684553 186.342 0.816418 17.1045 0.0977196 0.0604943 12.8638
0.0685553 186.878 0.81701 17.0984 0.0976549 0.0605776 12.8529
0.0686553 187.42 0.817602 17.0925 0.0975903 0.060661 12.8421
0.0687553 187.969 0.818195 17.0869 0.0975258 0.0607442 12.8313
0.0688553 188.525 0.818787 17.0815 0.0974615 0.0608275 12.8207
0.0689553 189.086 0.81938 17.0764 0.0973973 0.0609108 12.8101
0.0690553 189.655 0.819973 17.0715 0.0973333 0.060994 12.7996
0.0691553 190.231 0.820566 17.0669 0.0972695 0.0610772 12.7891
0.0692553 190.814 0.82116 17.0626 0.0972058 0.0611604 12.7788
0.0693553 191.404 0.821753 17.0585 0.0971422 0.0612436 12.7685
0.0694553 192.001 0.822347 17.0548 0.0970788 0.0613268 12.7583
0.0695553 192.606 0.822941 17.0513 0.0970156 0.0614099 12.7482
0.0696553 193.219 0.823536 17.0481 0.0969525 0.0614931 12.7382
0.0697553 193.839 0.82413 17.0452 0.0968895 0.0615762 12.7282
0.0698553 194.467 0.824725 17.0426 0.0968267 0.0616593 12.7184
0.0699553 195.104 0.82532 17.0403 0.0967641 0.0617423 12.7086
0.0700553 195.748 0.825915 17.0384 0.0967016 0.0618254 12.699
0.0701553 196.401 0.826511 17.0368 0.0966392 0.0619084 12.6894
0.0702553 197.063 0.827106 17.0355 0.096577 0.0619915 12.68
0.0703553 197.733 0.827702 17.0345 0.096515 0.0620745 12.6706
0.0704553 198.412 0.828298 17.0339 0.0964531 0.0621575 12.6613
0.0705553 199.101 0.828895 17.0336 0.0963913 0.0622404 12.6521
0.0706553 199.799 0.829491 17.0337 0.0963297 0.0623234 12.6431
0.0707553 200.506 0.830088 17.0342 0.0962683 0.0624063 12.6341
0.0708553 201.223 0.830685 17.035 0.096207 0.0624892 12.6252
0.0709553 201.95 0.831282 17.0363 0.0961458 0.0625721 12.6165
0.0710553 202.687 0.831879 17.0379 0.0960848 0.062655 12.6078
0.0711553 203.434 0.832477 17.0399 0.096024 0.0627379 12.5993
0.0712553 204.192 0.833075 17.0424 0.0959633 0.0628207 12.5908
0.0713553 204.961 0.833673 17.0452 0.0959027 0.0629035 12.5825
0.0714553 205.74 0.834271 17.0485 0.0958423 0.0629863 12.5743
0.0715553 206.531 0.83487 17.0523 0.095782 0.0630691 12.5663
0.0716553 207.334 0.835469 17.0565 0.0957219 0.0631519 12.5583
0.0717553 208.148 0.836068 17.0611 0.0956619 0.0632347 12.5505
0.0718553 208.974 0.836667 17.0662 0.0956021 0.0633174 12.5428
0.0719553 209.813 0.837267 17.0718 0.0955424 0.0634001 12.5352
0.0720553 210.664 0.837866 17.0779 0.0954828 0.0634828 12.5277
0.0721553 211.528 0.838466 17.0845 0.0954234 0.0635655 12.5204
0.0722553 212.406 0.839067 17.0916 0.0953641 0.0636482 12.5132
0.0723553 213.296 0.839667 17.0992 0.095305 0.0637308 12.5062
0.0724553 214.201 0.840268 17.1074 0.095246 0.0638134 12.4993
0.0725553 215.119 0.840869 17.1161 0.0951872 0.063896 12.4925
0.0726553 216.052 0.84147 17.1253 0.0951284 0.0639786 12.4859
0.0727553 217 0.842072 17.1352 0.0950699 0.0640612 12.4794
0.0728553 217.963 0.842674 17.1457 0.0950114 0.0641438 12.4731
0.0729553 218.942 0.843276 17.1567 0.0949531 0.0642263 12.467
0.0730553 219.936 0.843878 17.1684 0.0948949 0.0643088 12.461
0.0731553 220.947 0.844481 17.1807 0.0948369 0.0643913 12.4551
0.0732553 221.974 0.845084 17.1937 0.094779 0.0644738 12.4494
0.0733553 223.019 0.845687 17.2073 0.0947212 0.0645563 12.4439
0.0734553 224.081 0.846291 17.2216 0.0946636 0.0646387 12.4386
0.0735553 225.161 0.846895 17.2366 0.094606 0.0647211 12.4334
0.0736553 226.259 0.847499 17.2524 0.0945486 0.0648035 12.4284
0.0737553 227.377 0.848103 17.2689 0.0944914 0.0648859 12.4236
0.0738553 228.513 0.848708 17.2861 0.0944342 0.0649683 12.419
0.0739553 229.67 0.849313 17.3041 0.0943772 0.0650506 12.4145
0.0740553 230.847 0.849919 17.3229 0.0943203 0.0651329 12.4103
0.0741553 232.046 0.850525 17.3425 0.0942635 0.0652152 12.4062
0.0742553 233.265 0.851131 17.363 0.0942068 0.0652975 12.4024
0.0743553 234.507 0.851737 17.3843 0.0941503 0.0653798 12.3987
0.0744553 235.772 0.852344 17.4066 0.0940938 0.065462 12.3953
0.0745553 237.06 0.852951 17.4297 0.0940375 0.0655443 12.3921
0.0746553 238.372 0.853559 17.4537 0.0939812 0.0656265 12.3891
0.0747553 239.709 0.854167 17.4788 0.0939251 0.0657087 12.3863
0.0748553 241.072 0.854775 17.5048 0.0938691 0.0657908 12.3838
0.0749553 242.46 0.855384 17.5318 0.0938132 0.065873 12.3815
0.0750553 243.876 0.855993 17.5599 0.0937574 0.0659551 12.3794
0.0751553 245.319 0.856603 17.589 0.0937017 0.0660372 12.3776
0.0752553 246.79 0.857213 17.6193 0.0936461 0.0661193 12.3761
0.0753553 248.292 0.857823 17.6507 0.0935906 0.0662014 12.3748
0.0754553 249.823 0.858434 17.6832 0.0935352 0.0662834 12.3737
0.0755553 251.386 0.859045 17.717 0.0934798 0.0663655 12.373
0.0756553 252.98 0.859657 17.752 0.0934246 0.0664475 12.3725
0.0757553 254.608 0.86027 17.7883 0.0933694 0.0665294 12.3723
0.0758553 256.27 0.860882 17.8259 0.0933143 0.0666114 12.3724
0.0759553 257.968 0.861496 17.8648 0.0932593 0.0666933 12.3728
0.0760553 259.702 0.862109 17.9052 0.0932044 0.0667753 12.3735
0.0761553 261.473 0.862724 17.947 0.0931495 0.0668571 12.3746
0.0762553 263.284 0.863339 17.9903 0.0930947 0.066939 12.3759
0.0763553 265.134 0.863954 18.0352 0.09304 0.0670209 12.3776
0.0764553 267.026 0.86457 18.0816 0.0929854 0.0671027 12.3796
0.0765553 268.961 0.865187 18.1297 0.0929308 0.0671845 12.382
0.0766553 270.94 0.865804 18.1795 0.0928762 0.0672663 12.3848
0.0767553 272.965 0.866422 18.2311 0.0928217 0.067348 12.3879
0.0768553 275.037 0.86704 18.2845 0.0927673 0.0674298 12.3914
0.0769553 277.159 0.867659 18.3397 0.0927128 0.0675115 12.3953
0.0770553 279.332 0.868279 18.3969 0.0926585 0.0675932 12.3997
0.0771553 281.557 0.8689 18.4561 0.0926041 0.0676748 12.4044
0.0772553 283.837 0.869521 18.5174 0.0925498 0.0677565 12.4096
0.0773553 286.174 0.870143 18.5809 0.0924955 0.0678381 12.4152
0.0774553 288.57 0.870766 18.6466 0.0924413 0.0679197 12.4212
0.0775553 291.027 0.871389 18.7146 0.092387 0.0680013 12.4278
0.0776553 293.548 0.872014 18.7851 0.0923328 0.0680828 12.4348
0.0777553 296.135 0.872639 18.858 0.0922785 0.0681643 12.4424
0.0778553 298.79 0.873265 18.9336 0.0922243 0.0682458 12.4504
0.0779553 301.517 0.873892 19.0119 0.09217 0.0683273 12.459
0.0780553 304.318 0.87452 19.0929 0.0921158 0.0684087 12.4681
0.0781553 307.196 0.875148 19.177 0.0920615 0.0684901 12.4779
0.0782553 310.155 0.875778 19.264 0.0920072 0.0685715 12.4882
0.0783553 313.199 0.876409 19.3542 0.0919528 0.0686528 12.4991
0.0784553 316.329 0.877041 19.4478 0.0918984 0.0687341 12.5107
0.0785553 319.552 0.877674 19.5448 0.091844 0.0688154 12.5229
0.0786553 322.87 0.878308 19.6454 0.0917895 0.0688967 12.5358
0.0787553 326.288 0.878943 19.7497 0.0917349 0.0689779 12.5494
0.0788553 329.811 0.87958 19.858 0.0916802 0.0690591 12.5637
0.0789553 333.443 0.880217 19.9704 0.0916255 0.0691403 12.5788
0.0790553 337.19 0.880856 20.087 0.0915707 0.0692215 12.5947
0.0791553 341.057 0.881497 20.2082 0.0915158 0.0693026 12.6114
0.0792553 345.05 0.882138 20.3341 0.0914607 0.0693836 12.629
0.0793553 349.175 0.882781 20.4649 0.0914056 0.0694647 12.6475
0.0794553 353.44 0.883426 20.6009 0.0913503 0.0695457 12.6668
0.0795553 357.85 0.884072 20.7424 0.0912948 0.0696267 12.6872
0.0796553 362.414 0.88472 20.8896 0.0912392 0.0697076 12.7085
0.0797553 367.141 0.885369 21.0428 0.0911834 0.0697885 12.7309
0.0798553 372.038 0.88602 21.2024 0.0911274 0.0698694 12.7544
0.0799553 377.116 0.886674 21.3686 0.0910712 0.0699502 12.7791
0.0800553 382.384 0.887328 21.5419 0.0910148 0.070031 12.8049
0.0801553 387.854 0.887985 21.7227 0.0909582 0.0701118 12.832
0.0802553 393.537 0.888644 21.9113 0.0909013 0.0701925 12.8604
0.0803553 399.447 0.889305 22.1083 0.0908441 0.0702731 12.8901
0.0804553 405.597 0.889969 22.3142 0.0907867 0.0703538 12.9214
0.0805553 412.002 0.890634 22.5294 0.0907289 0.0704343 12.9541
0.0806553 418.679 0.891302 22.7547 0.0906708 0.0705149 12.9884
0.0807553 425.645 0.891973 22.9906 0.0906123 0.0705954 13.0244
0.0808553 432.921 0.892647 23.2378 0.0905535 0.0706758 13.0622
0.0809553 440.527 0.893323 23.4971 0.0904942 0.0707562 13.1019
0.0810553 448.487 0.894002 23.7693 0.0904345 0.0708366 13.1435
0.0811553 456.825 0.894684 24.0554 0.0903743 0.0709168 13.1873
0.0812553 465.572 0.89537 24.3564 0.0903136 0.0709971 13.2333
0.0813553 474.756 0.896059 24.6733 0.0902524 0.0710773 13.2816
0.0814553 484.414 0.896752 25.0074 0.0901905 0.0711574 13.3324
0.0815553 494.584 0.897449 25.3601 0.0901281 0.0712374 13.3859
0.0816553 505.307 0.89815 25.7328 0.0900649 0.0713174 13.4423
0.0817553 516.631 0.898855 26.1274 0.0900011 0.0713974 13.5017
0.0818553 528.611 0.899565 26.5455 0.0899364 0.0714772 13.5644
0.0819553 541.305 0.90028 26.9895 0.0898709 0.071557 13.6307
0.0820553 554.782 0.901 27.4617 0.0898045 0.0716367 13.7007
0.0821553 569.118 0.901726 27.9648 0.0897371 0.0717163 13.7748
0.0822553 584.402 0.902458 28.5019 0.0896686 0.0717959 13.8533
0.0823553 600.733 0.903197 29.0765 0.0895989 0.0718753 13.9367
0.0824553 618.228 0.903942 29.6927 0.089528 0.0719547 14.0253
0.0825553 637.02 0.904696 30.3553 0.0894556 0.0720339 14.1197
0.0826553 657.268 0.905458 31.0698 0.0893818 0.0721131 14.2203
0.0827553 679.153 0.906229 31.8425 0.0893062 0.0721921 14.328
0.0828553 702.894 0.90701 32.6811 0.0892287 0.072271 14.4433
0.0829553 728.753 0.907802 33.5948 0.0891492 0.0723498 14.5673
0.0830553 757.044 0.908606 34.5945 0.0890673 0.0724284 14.7009
0.0831553 788.152 0.909425 35.6935 0.0889828 0.0725068 14.8454
